<?xml version="1.0" encoding="utf-8"?><testsuites><testsuite name="pytest" errors="0" failures="0" skipped="24" tests="115" time="76.087" timestamp="2023-12-28T19:08:33.247131" hostname="fv-az801-135"><testcase classname="cookbook.tests.other.test_automations" name="test_food_automation[arg0]" time="22.107" /><testcase classname="cookbook.tests.other.test_automations" name="test_food_automation[arg1]" time="0.023" /><testcase classname="cookbook.tests.other.test_automations" name="test_food_automation[arg2]" time="0.022" /><testcase classname="cookbook.tests.other.test_automations" name="test_food_automation[arg3]" time="0.023" /><testcase classname="cookbook.tests.other.test_automations" name="test_keyword_automation[arg0]" time="0.023" /><testcase classname="cookbook.tests.other.test_automations" name="test_keyword_automation[arg1]" time="0.023" /><testcase classname="cookbook.tests.other.test_automations" name="test_keyword_automation[arg2]" time="0.023" /><testcase classname="cookbook.tests.other.test_automations" name="test_keyword_automation[arg3]" time="0.022" /><testcase classname="cookbook.tests.other.test_automations" name="test_unit_automation[arg0]" time="0.023" /><testcase classname="cookbook.tests.other.test_automations" name="test_unit_automation[arg1]" time="0.023" /><testcase classname="cookbook.tests.other.test_automations" name="test_unit_automation[arg2]" time="0.023" /><testcase classname="cookbook.tests.other.test_automations" name="test_unit_automation[arg3]" time="0.023" /><testcase classname="cookbook.tests.other.test_automations" name="test_never_unit_automation[arg0]" time="0.027" /><testcase classname="cookbook.tests.other.test_automations" name="test_never_unit_automation[arg1]" time="0.025" /><testcase classname="cookbook.tests.other.test_automations" name="test_never_unit_automation[arg2]" time="0.026" /><testcase classname="cookbook.tests.other.test_automations" name="test_never_unit_automation[arg3]" time="0.025" /><testcase classname="cookbook.tests.other.test_automations" name="test_regex_automation[arg0-source0]" time="0.027" /><testcase classname="cookbook.tests.other.test_automations" name="test_regex_automation[arg0-source1]" time="0.027" /><testcase classname="cookbook.tests.other.test_automations" name="test_regex_automation[arg0-source2]" time="0.026" /><testcase classname="cookbook.tests.other.test_automations" name="test_regex_automation[arg1-source0]" time="0.027" /><testcase classname="cookbook.tests.other.test_automations" name="test_regex_automation[arg1-source1]" time="0.027" /><testcase classname="cookbook.tests.other.test_automations" name="test_regex_automation[arg1-source2]" time="0.027" /><testcase classname="cookbook.tests.other.test_automations" name="test_regex_automation[arg2-source0]" time="0.027" /><testcase classname="cookbook.tests.other.test_automations" name="test_regex_automation[arg2-source1]" time="0.027" /><testcase classname="cookbook.tests.other.test_automations" name="test_regex_automation[arg2-source2]" time="0.027" /><testcase classname="cookbook.tests.other.test_automations" name="test_regex_automation[arg3-source0]" time="0.026" /><testcase classname="cookbook.tests.other.test_automations" name="test_regex_automation[arg3-source1]" time="0.026" /><testcase classname="cookbook.tests.other.test_automations" name="test_regex_automation[arg3-source2]" time="0.027" /><testcase classname="cookbook.tests.other.test_automations" name="test_regex_automation[arg4-source0]" time="0.027" /><testcase classname="cookbook.tests.other.test_automations" name="test_regex_automation[arg4-source1]" time="0.027" /><testcase classname="cookbook.tests.other.test_automations" name="test_regex_automation[arg4-source2]" time="0.027" /><testcase classname="cookbook.tests.other.test_automations" name="test_transpose_automation[arg0]" time="0.024" /><testcase classname="cookbook.tests.other.test_automations" name="test_transpose_automation[arg1]" time="0.023" /><testcase classname="cookbook.tests.other.test_automations" name="test_transpose_automation[arg2]" time="0.023" /><testcase classname="cookbook.tests.other.test_automations" name="test_url_import_regex_replace" time="0.078" /><testcase classname="cookbook.tests.other.test_export" name="test_export_file_cache[arg0]" time="0.959" /><testcase classname="cookbook.tests.other.test_export" name="test_export_file_cache[arg1]" time="0.439" /><testcase classname="cookbook.tests.other.test_export" name="test_export_file_cache[arg2]" time="0.369" /><testcase classname="cookbook.tests.other.test_export" name="test_export_file_cache[arg3]" time="0.395" /><testcase classname="cookbook.tests.other.test_export" name="test_export_file_cache[arg4]" time="0.297" /><testcase classname="cookbook.tests.other.test_export" name="test_export_file_cache[arg5]" time="0.295" /><testcase classname="cookbook.tests.other.test_food_property" name="test_food_property" time="0.215" /><testcase classname="cookbook.tests.other.test_ingredient_parser" name="test_ingredient_parser" time="0.025" /><testcase classname="cookbook.tests.other.test_makenow_filter" name="test_makenow_onhand[makenow_recipe0]" time="1.106" /><testcase classname="cookbook.tests.other.test_makenow_filter" name="test_makenow_onhand[makenow_recipe1]" time="1.086" /><testcase classname="cookbook.tests.other.test_makenow_filter" name="test_makenow_ignoreshopping[makenow_recipe0]" time="1.123" /><testcase classname="cookbook.tests.other.test_makenow_filter" name="test_makenow_ignoreshopping[makenow_recipe1]" time="1.124" /><testcase classname="cookbook.tests.other.test_makenow_filter" name="test_makenow_substitute[makenow_recipe0]" time="1.134" /><testcase classname="cookbook.tests.other.test_makenow_filter" name="test_makenow_substitute[makenow_recipe1]" time="1.130" /><testcase classname="cookbook.tests.other.test_makenow_filter" name="test_makenow_child_substitute[makenow_recipe0]" time="1.232" /><testcase classname="cookbook.tests.other.test_makenow_filter" name="test_makenow_child_substitute[makenow_recipe1]" time="1.144" /><testcase classname="cookbook.tests.other.test_makenow_filter" name="test_makenow_sibling_substitute[makenow_recipe0]" time="1.148" /><testcase classname="cookbook.tests.other.test_makenow_filter" name="test_makenow_sibling_substitute[makenow_recipe1]" time="1.150" /><testcase classname="cookbook.tests.other.test_permission_helper" name="test_has_group_permission" time="0.065" /><testcase classname="cookbook.tests.other.test_permission_helper" name="test_is_owner" time="0.119" /><testcase classname="cookbook.tests.other.test_permission_helper" name="test_is_space_owner" time="0.044" /><testcase classname="cookbook.tests.other.test_permission_helper" name="test_switch_user_active_space" time="0.046" /><testcase classname="cookbook.tests.other.test_recipe_full_text_search" name="test_search_or_and_not[operator0-found_recipe0-foods]" time="1.660" /><testcase classname="cookbook.tests.other.test_recipe_full_text_search" name="test_search_or_and_not[operator0-found_recipe1-keywords]" time="1.632" /><testcase classname="cookbook.tests.other.test_recipe_full_text_search" name="test_search_or_and_not[operator0-found_recipe2-books]" time="1.730" /><testcase classname="cookbook.tests.other.test_recipe_full_text_search" name="test_search_or_and_not[operator1-found_recipe0-foods]" time="1.665" /><testcase classname="cookbook.tests.other.test_recipe_full_text_search" name="test_search_or_and_not[operator1-found_recipe1-keywords]" time="1.645" /><testcase classname="cookbook.tests.other.test_recipe_full_text_search" name="test_search_or_and_not[operator1-found_recipe2-books]" time="1.679" /><testcase classname="cookbook.tests.other.test_recipe_full_text_search" name="test_search_units[found_recipe0]" time="1.636" /><testcase classname="cookbook.tests.other.test_recipe_full_text_search" name="test_fuzzy_lookup[found_recipe0-unit-user10]" time="0.000"><skipped type="pytest.skip" message="requires PostgreSQL">/home/runner/work/recipes/recipes/cookbook/tests/other/test_recipe_full_text_search.py:268: requires PostgreSQL</skipped></testcase><testcase classname="cookbook.tests.other.test_recipe_full_text_search" name="test_fuzzy_lookup[found_recipe0-unit-user11]" time="0.000"><skipped type="pytest.skip" message="requires PostgreSQL">/home/runner/work/recipes/recipes/cookbook/tests/other/test_recipe_full_text_search.py:268: requires PostgreSQL</skipped></testcase><testcase classname="cookbook.tests.other.test_recipe_full_text_search" name="test_fuzzy_lookup[found_recipe0-unit-user12]" time="0.000"><skipped type="pytest.skip" message="requires PostgreSQL">/home/runner/work/recipes/recipes/cookbook/tests/other/test_recipe_full_text_search.py:268: requires PostgreSQL</skipped></testcase><testcase classname="cookbook.tests.other.test_recipe_full_text_search" name="test_fuzzy_lookup[found_recipe0-unit-user13]" time="0.000"><skipped type="pytest.skip" message="requires PostgreSQL">/home/runner/work/recipes/recipes/cookbook/tests/other/test_recipe_full_text_search.py:268: requires PostgreSQL</skipped></testcase><testcase classname="cookbook.tests.other.test_recipe_full_text_search" name="test_fuzzy_lookup[found_recipe0-unit-user14]" time="0.000"><skipped type="pytest.skip" message="requires PostgreSQL">/home/runner/work/recipes/recipes/cookbook/tests/other/test_recipe_full_text_search.py:268: requires PostgreSQL</skipped></testcase><testcase classname="cookbook.tests.other.test_recipe_full_text_search" name="test_fuzzy_lookup[found_recipe0-unit-user15]" time="0.000"><skipped type="pytest.skip" message="requires PostgreSQL">/home/runner/work/recipes/recipes/cookbook/tests/other/test_recipe_full_text_search.py:268: requires PostgreSQL</skipped></testcase><testcase classname="cookbook.tests.other.test_recipe_full_text_search" name="test_fuzzy_lookup[found_recipe0-unit-user16]" time="0.000"><skipped type="pytest.skip" message="requires PostgreSQL">/home/runner/work/recipes/recipes/cookbook/tests/other/test_recipe_full_text_search.py:268: requires PostgreSQL</skipped></testcase><testcase classname="cookbook.tests.other.test_recipe_full_text_search" name="test_fuzzy_lookup[found_recipe0-unit-user17]" time="0.000"><skipped type="pytest.skip" message="requires PostgreSQL">/home/runner/work/recipes/recipes/cookbook/tests/other/test_recipe_full_text_search.py:268: requires PostgreSQL</skipped></testcase><testcase classname="cookbook.tests.other.test_recipe_full_text_search" name="test_fuzzy_lookup[found_recipe1-keyword-user10]" time="0.000"><skipped type="pytest.skip" message="requires PostgreSQL">/home/runner/work/recipes/recipes/cookbook/tests/other/test_recipe_full_text_search.py:268: requires PostgreSQL</skipped></testcase><testcase classname="cookbook.tests.other.test_recipe_full_text_search" name="test_fuzzy_lookup[found_recipe1-keyword-user11]" time="0.000"><skipped type="pytest.skip" message="requires PostgreSQL">/home/runner/work/recipes/recipes/cookbook/tests/other/test_recipe_full_text_search.py:268: requires PostgreSQL</skipped></testcase><testcase classname="cookbook.tests.other.test_recipe_full_text_search" name="test_fuzzy_lookup[found_recipe1-keyword-user12]" time="0.000"><skipped type="pytest.skip" message="requires PostgreSQL">/home/runner/work/recipes/recipes/cookbook/tests/other/test_recipe_full_text_search.py:268: requires PostgreSQL</skipped></testcase><testcase classname="cookbook.tests.other.test_recipe_full_text_search" name="test_fuzzy_lookup[found_recipe1-keyword-user13]" time="0.000"><skipped type="pytest.skip" message="requires PostgreSQL">/home/runner/work/recipes/recipes/cookbook/tests/other/test_recipe_full_text_search.py:268: requires PostgreSQL</skipped></testcase><testcase classname="cookbook.tests.other.test_recipe_full_text_search" name="test_fuzzy_lookup[found_recipe1-keyword-user14]" time="0.000"><skipped type="pytest.skip" message="requires PostgreSQL">/home/runner/work/recipes/recipes/cookbook/tests/other/test_recipe_full_text_search.py:268: requires PostgreSQL</skipped></testcase><testcase classname="cookbook.tests.other.test_recipe_full_text_search" name="test_fuzzy_lookup[found_recipe1-keyword-user15]" time="0.000"><skipped type="pytest.skip" message="requires PostgreSQL">/home/runner/work/recipes/recipes/cookbook/tests/other/test_recipe_full_text_search.py:268: requires PostgreSQL</skipped></testcase><testcase classname="cookbook.tests.other.test_recipe_full_text_search" name="test_fuzzy_lookup[found_recipe1-keyword-user16]" time="0.000"><skipped type="pytest.skip" message="requires PostgreSQL">/home/runner/work/recipes/recipes/cookbook/tests/other/test_recipe_full_text_search.py:268: requires PostgreSQL</skipped></testcase><testcase classname="cookbook.tests.other.test_recipe_full_text_search" name="test_fuzzy_lookup[found_recipe1-keyword-user17]" time="0.000"><skipped type="pytest.skip" message="requires PostgreSQL">/home/runner/work/recipes/recipes/cookbook/tests/other/test_recipe_full_text_search.py:268: requires PostgreSQL</skipped></testcase><testcase classname="cookbook.tests.other.test_recipe_full_text_search" name="test_fuzzy_lookup[found_recipe2-food-user10]" time="0.000"><skipped type="pytest.skip" message="requires PostgreSQL">/home/runner/work/recipes/recipes/cookbook/tests/other/test_recipe_full_text_search.py:268: requires PostgreSQL</skipped></testcase><testcase classname="cookbook.tests.other.test_recipe_full_text_search" name="test_fuzzy_lookup[found_recipe2-food-user11]" time="0.000"><skipped type="pytest.skip" message="requires PostgreSQL">/home/runner/work/recipes/recipes/cookbook/tests/other/test_recipe_full_text_search.py:268: requires PostgreSQL</skipped></testcase><testcase classname="cookbook.tests.other.test_recipe_full_text_search" name="test_fuzzy_lookup[found_recipe2-food-user12]" time="0.000"><skipped type="pytest.skip" message="requires PostgreSQL">/home/runner/work/recipes/recipes/cookbook/tests/other/test_recipe_full_text_search.py:268: requires PostgreSQL</skipped></testcase><testcase classname="cookbook.tests.other.test_recipe_full_text_search" name="test_fuzzy_lookup[found_recipe2-food-user13]" time="0.000"><skipped type="pytest.skip" message="requires PostgreSQL">/home/runner/work/recipes/recipes/cookbook/tests/other/test_recipe_full_text_search.py:268: requires PostgreSQL</skipped></testcase><testcase classname="cookbook.tests.other.test_recipe_full_text_search" name="test_fuzzy_lookup[found_recipe2-food-user14]" time="0.000"><skipped type="pytest.skip" message="requires PostgreSQL">/home/runner/work/recipes/recipes/cookbook/tests/other/test_recipe_full_text_search.py:268: requires PostgreSQL</skipped></testcase><testcase classname="cookbook.tests.other.test_recipe_full_text_search" name="test_fuzzy_lookup[found_recipe2-food-user15]" time="0.000"><skipped type="pytest.skip" message="requires PostgreSQL">/home/runner/work/recipes/recipes/cookbook/tests/other/test_recipe_full_text_search.py:268: requires PostgreSQL</skipped></testcase><testcase classname="cookbook.tests.other.test_recipe_full_text_search" name="test_fuzzy_lookup[found_recipe2-food-user16]" time="0.000"><skipped type="pytest.skip" message="requires PostgreSQL">/home/runner/work/recipes/recipes/cookbook/tests/other/test_recipe_full_text_search.py:268: requires PostgreSQL</skipped></testcase><testcase classname="cookbook.tests.other.test_recipe_full_text_search" name="test_fuzzy_lookup[found_recipe2-food-user17]" time="0.000"><skipped type="pytest.skip" message="requires PostgreSQL">/home/runner/work/recipes/recipes/cookbook/tests/other/test_recipe_full_text_search.py:268: requires PostgreSQL</skipped></testcase><testcase classname="cookbook.tests.other.test_recipe_full_text_search" name="test_search_date[found_recipe0-viewedon-result0]" time="1.794" /><testcase classname="cookbook.tests.other.test_recipe_full_text_search" name="test_search_date[found_recipe1-cookedon-result1]" time="1.794" /><testcase classname="cookbook.tests.other.test_recipe_full_text_search" name="test_search_date[found_recipe2-createdon-result2]" time="1.938" /><testcase classname="cookbook.tests.other.test_recipe_full_text_search" name="test_search_date[found_recipe3-updatedon-result3]" time="1.834" /><testcase classname="cookbook.tests.other.test_recipe_full_text_search" name="test_search_count[found_recipe0-rating]" time="1.912" /><testcase classname="cookbook.tests.other.test_recipe_full_text_search" name="test_search_count[found_recipe1-timescooked]" time="1.820" /><testcase classname="cookbook.tests.other.test_unit_conversion" name="test_base_converter" time="0.004" /><testcase classname="cookbook.tests.other.test_unit_conversion" name="test_unit_conversions" time="0.089" /><testcase classname="cookbook.tests.other.test_url_import" name="test_import_permission[arg0]" time="0.254" /><testcase classname="cookbook.tests.other.test_url_import" name="test_import_permission[arg1]" time="0.263" /><testcase classname="cookbook.tests.other.test_url_import" name="test_import_permission[arg2]" time="0.393" /><testcase classname="cookbook.tests.other.test_url_import" name="test_import_permission[arg3]" time="0.260" /><testcase classname="cookbook.tests.other.test_url_import" name="test_recipe_import[arg0]" time="0.840" /><testcase classname="cookbook.tests.other.test_url_import" name="test_recipe_import[arg1]" time="0.699" /><testcase classname="cookbook.tests.other.test_url_import" name="test_recipe_import[arg2]" time="0.776" /><testcase classname="cookbook.tests.other.test_url_import" name="test_recipe_import[arg3]" time="0.832" /><testcase classname="cookbook.tests.other.test_url_import" name="test_recipe_import[arg4]" time="0.392" /><testcase classname="cookbook.tests.other.test_url_import" name="test_recipe_import[arg5]" time="0.530" /><testcase classname="cookbook.tests.other.test_url_import" name="test_recipe_import[arg6]" time="0.463" /><testcase classname="cookbook.tests.other.test_url_import" name="test_recipe_import[arg7]" time="0.595" /><testcase classname="cookbook.tests.other.test_url_import" name="test_recipe_import[arg8]" time="0.689" /><testcase classname="cookbook.tests.other.test_url_import" name="test_recipe_import[arg9]" time="0.603" /><testcase classname="cookbook.tests.other.test_url_import" name="test_recipe_import[arg10]" time="0.400" /><testcase classname="cookbook.tests.other.test_url_import" name="test_recipe_import[arg11]" time="0.617" /><testcase classname="cookbook.tests.other.test_url_import" name="test_recipe_import[arg12]" time="0.500" /><testcase classname="cookbook.tests.other.test_url_import" name="test_recipe_import[arg13]" time="0.724" /><testcase classname="cookbook.tests.other.test_url_import" name="test_recipe_import[arg14]" time="0.679" /></testsuite></testsuites>