<?xml version="1.0" encoding="utf-8"?><testsuites><testsuite name="pytest" errors="0" failures="0" skipped="24" tests="809" time="385.996" timestamp="2023-12-29T00:55:44.492810" hostname="fv-az1391-759"><testcase classname="cookbook.tests.api.test_api_access_token" name="test_list_permission[arg0]" time="24.305" /><testcase classname="cookbook.tests.api.test_api_access_token" name="test_list_permission[arg1]" time="0.270" /><testcase classname="cookbook.tests.api.test_api_access_token" name="test_list_permission[arg2]" time="0.259" /><testcase classname="cookbook.tests.api.test_api_access_token" name="test_list_permission[arg3]" time="0.257" /><testcase classname="cookbook.tests.api.test_api_access_token" name="test_list_space" time="0.716" /><testcase classname="cookbook.tests.api.test_api_access_token" name="test_token_visibility" time="0.269" /><testcase classname="cookbook.tests.api.test_api_access_token" name="test_update[arg0]" time="0.256" /><testcase classname="cookbook.tests.api.test_api_access_token" name="test_update[arg1]" time="0.271" /><testcase classname="cookbook.tests.api.test_api_access_token" name="test_update[arg2]" time="0.263" /><testcase classname="cookbook.tests.api.test_api_access_token" name="test_update[arg3]" time="0.406" /><testcase classname="cookbook.tests.api.test_api_access_token" name="test_update[arg4]" time="0.271" /><testcase classname="cookbook.tests.api.test_api_access_token" name="test_update[arg5]" time="0.275" /><testcase classname="cookbook.tests.api.test_api_access_token" name="test_update[arg6]" time="0.277" /><testcase classname="cookbook.tests.api.test_api_access_token" name="test_add[arg0]" time="0.343" /><testcase classname="cookbook.tests.api.test_api_access_token" name="test_add[arg1]" time="0.351" /><testcase classname="cookbook.tests.api.test_api_access_token" name="test_add[arg2]" time="0.567" /><testcase classname="cookbook.tests.api.test_api_access_token" name="test_add[arg3]" time="0.358" /><testcase classname="cookbook.tests.api.test_api_access_token" name="test_delete" time="0.530" /><testcase classname="cookbook.tests.api.test_api_cook_log" name="test_list_permission[arg0]" time="0.241" /><testcase classname="cookbook.tests.api.test_api_cook_log" name="test_list_permission[arg1]" time="0.382" /><testcase classname="cookbook.tests.api.test_api_cook_log" name="test_list_permission[arg2]" time="0.258" /><testcase classname="cookbook.tests.api.test_api_cook_log" name="test_list_permission[arg3]" time="0.259" /><testcase classname="cookbook.tests.api.test_api_cook_log" name="test_list_space" time="0.600" /><testcase classname="cookbook.tests.api.test_api_cook_log" name="test_update[arg0]" time="0.316" /><testcase classname="cookbook.tests.api.test_api_cook_log" name="test_update[arg1]" time="0.483" /><testcase classname="cookbook.tests.api.test_api_cook_log" name="test_update[arg2]" time="0.367" /><testcase classname="cookbook.tests.api.test_api_cook_log" name="test_update[arg3]" time="0.328" /><testcase classname="cookbook.tests.api.test_api_cook_log" name="test_update[arg4]" time="0.326" /><testcase classname="cookbook.tests.api.test_api_cook_log" name="test_update[arg5]" time="0.326" /><testcase classname="cookbook.tests.api.test_api_cook_log" name="test_update[arg6]" time="0.572" /><testcase classname="cookbook.tests.api.test_api_cook_log" name="test_add[arg0]" time="0.328" /><testcase classname="cookbook.tests.api.test_api_cook_log" name="test_add[arg1]" time="0.832" /><testcase classname="cookbook.tests.api.test_api_cook_log" name="test_add[arg2]" time="1.020" /><testcase classname="cookbook.tests.api.test_api_cook_log" name="test_add[arg3]" time="0.838" /><testcase classname="cookbook.tests.api.test_api_cook_log" name="test_delete" time="0.727" /><testcase classname="cookbook.tests.api.test_api_food" name="test_list_permission[arg0]" time="0.242" /><testcase classname="cookbook.tests.api.test_api_food" name="test_list_permission[arg1]" time="0.430" /><testcase classname="cookbook.tests.api.test_api_food" name="test_list_permission[arg2]" time="0.273" /><testcase classname="cookbook.tests.api.test_api_food" name="test_list_permission[arg3]" time="0.271" /><testcase classname="cookbook.tests.api.test_api_food" name="test_list_space" time="0.781" /><testcase classname="cookbook.tests.api.test_api_food" name="test_list_filter" time="0.426" /><testcase classname="cookbook.tests.api.test_api_food" name="test_update[arg0]" time="0.249" /><testcase classname="cookbook.tests.api.test_api_food" name="test_update[arg1]" time="0.269" /><testcase classname="cookbook.tests.api.test_api_food" name="test_update[arg2]" time="0.445" /><testcase classname="cookbook.tests.api.test_api_food" name="test_update[arg3]" time="0.294" /><testcase classname="cookbook.tests.api.test_api_food" name="test_update[arg4]" time="0.272" /><testcase classname="cookbook.tests.api.test_api_food" name="test_update[arg5]" time="0.277" /><testcase classname="cookbook.tests.api.test_api_food" name="test_update[arg6]" time="0.277" /><testcase classname="cookbook.tests.api.test_api_food" name="test_add[arg0]" time="0.251" /><testcase classname="cookbook.tests.api.test_api_food" name="test_add[arg1]" time="0.437" /><testcase classname="cookbook.tests.api.test_api_food" name="test_add[arg2]" time="0.570" /><testcase classname="cookbook.tests.api.test_api_food" name="test_add[arg3]" time="0.575" /><testcase classname="cookbook.tests.api.test_api_food" name="test_add_duplicate" time="0.822" /><testcase classname="cookbook.tests.api.test_api_food" name="test_delete" time="0.593" /><testcase classname="cookbook.tests.api.test_api_food" name="test_integrity" time="0.363" /><testcase classname="cookbook.tests.api.test_api_food" name="test_move" time="0.359" /><testcase classname="cookbook.tests.api.test_api_food" name="test_move_errors" time="0.544" /><testcase classname="cookbook.tests.api.test_api_food" name="test_merge_ingredients" time="0.345" /><testcase classname="cookbook.tests.api.test_api_food" name="test_merge_shopping_entries" time="0.345" /><testcase classname="cookbook.tests.api.test_api_food" name="test_merge" time="0.406" /><testcase classname="cookbook.tests.api.test_api_food" name="test_merge_errors" time="0.346" /><testcase classname="cookbook.tests.api.test_api_food" name="test_root_filter" time="0.556" /><testcase classname="cookbook.tests.api.test_api_food" name="test_tree_filter" time="0.412" /><testcase classname="cookbook.tests.api.test_api_food" name="test_inherit[obj_tree_10-supermarket_category-True-cat_1]" time="0.246" /><testcase classname="cookbook.tests.api.test_api_food" name="test_inherit[obj_tree_11-supermarket_category-False-cat_1]" time="0.063" /><testcase classname="cookbook.tests.api.test_api_food" name="test_inherit[obj_tree_12-ignore_shopping-True-false]" time="0.221" /><testcase classname="cookbook.tests.api.test_api_food" name="test_inherit[obj_tree_13-ignore_shopping-False-false]" time="0.054" /><testcase classname="cookbook.tests.api.test_api_food" name="test_inherit[obj_tree_14-substitute_children-True-false]" time="0.223" /><testcase classname="cookbook.tests.api.test_api_food" name="test_inherit[obj_tree_15-substitute_children-False-false]" time="0.055" /><testcase classname="cookbook.tests.api.test_api_food" name="test_inherit[obj_tree_16-substitute_siblings-True-false]" time="0.219" /><testcase classname="cookbook.tests.api.test_api_food" name="test_inherit[obj_tree_17-substitute_siblings-False-false]" time="0.055" /><testcase classname="cookbook.tests.api.test_api_food" name="test_reset_inherit_space_fields[ignore_shopping-True-obj_tree_10]" time="0.073" /><testcase classname="cookbook.tests.api.test_api_food" name="test_reset_inherit_space_fields[ignore_shopping-False-obj_tree_10]" time="0.064" /><testcase classname="cookbook.tests.api.test_api_food" name="test_reset_inherit_space_fields[substitute_children-True-obj_tree_10]" time="0.073" /><testcase classname="cookbook.tests.api.test_api_food" name="test_reset_inherit_space_fields[substitute_children-False-obj_tree_10]" time="0.064" /><testcase classname="cookbook.tests.api.test_api_food" name="test_reset_inherit_space_fields[substitute_siblings-True-obj_tree_10]" time="0.073" /><testcase classname="cookbook.tests.api.test_api_food" name="test_reset_inherit_space_fields[substitute_siblings-False-obj_tree_10]" time="0.063" /><testcase classname="cookbook.tests.api.test_api_food" name="test_reset_inherit_space_fields[supermarket_category-True-obj_tree_10]" time="0.072" /><testcase classname="cookbook.tests.api.test_api_food" name="test_reset_inherit_space_fields[supermarket_category-False-obj_tree_10]" time="0.062" /><testcase classname="cookbook.tests.api.test_api_food" name="test_reset_inherit_no_food_instances[ignore_shopping-obj_tree_10]" time="0.067" /><testcase classname="cookbook.tests.api.test_api_food" name="test_reset_inherit_no_food_instances[substitute_children-obj_tree_10]" time="0.077" /><testcase classname="cookbook.tests.api.test_api_food" name="test_reset_inherit_no_food_instances[substitute_siblings-obj_tree_10]" time="0.067" /><testcase classname="cookbook.tests.api.test_api_food" name="test_reset_inherit_no_food_instances[supermarket_category-obj_tree_10]" time="0.066" /><testcase classname="cookbook.tests.api.test_api_food" name="test_onhand" time="0.684" /><testcase classname="cookbook.tests.api.test_api_food_shopping" name="test_shopping_forbidden_methods" time="0.286" /><testcase classname="cookbook.tests.api.test_api_food_shopping" name="test_shopping_food_create[arg0]" time="0.420" /><testcase classname="cookbook.tests.api.test_api_food_shopping" name="test_shopping_food_create[arg1]" time="0.276" /><testcase classname="cookbook.tests.api.test_api_food_shopping" name="test_shopping_food_create[arg2]" time="0.306" /><testcase classname="cookbook.tests.api.test_api_food_shopping" name="test_shopping_food_create[arg3]" time="0.287" /><testcase classname="cookbook.tests.api.test_api_food_shopping" name="test_shopping_food_create[arg4]" time="0.313" /><testcase classname="cookbook.tests.api.test_api_food_shopping" name="test_shopping_food_delete[arg0]" time="0.411" /><testcase classname="cookbook.tests.api.test_api_food_shopping" name="test_shopping_food_delete[arg1]" time="0.276" /><testcase classname="cookbook.tests.api.test_api_food_shopping" name="test_shopping_food_delete[arg2]" time="0.288" /><testcase classname="cookbook.tests.api.test_api_food_shopping" name="test_shopping_food_delete[arg3]" time="0.286" /><testcase classname="cookbook.tests.api.test_api_food_shopping" name="test_shopping_food_delete[arg4]" time="0.298" /><testcase classname="cookbook.tests.api.test_api_food_shopping" name="test_shopping_food_share" time="0.804" /><testcase classname="cookbook.tests.api.test_api_import_log" name="test_list_permission[arg0]" time="0.242" /><testcase classname="cookbook.tests.api.test_api_import_log" name="test_list_permission[arg1]" time="0.261" /><testcase classname="cookbook.tests.api.test_api_import_log" name="test_list_permission[arg2]" time="0.263" /><testcase classname="cookbook.tests.api.test_api_import_log" name="test_list_permission[arg3]" time="0.262" /><testcase classname="cookbook.tests.api.test_api_import_log" name="test_list_space" time="0.766" /><testcase classname="cookbook.tests.api.test_api_import_log" name="test_update[arg0]" time="0.308" /><testcase classname="cookbook.tests.api.test_api_import_log" name="test_update[arg1]" time="0.331" /><testcase classname="cookbook.tests.api.test_api_import_log" name="test_update[arg2]" time="0.321" /><testcase classname="cookbook.tests.api.test_api_import_log" name="test_update[arg3]" time="0.330" /><testcase classname="cookbook.tests.api.test_api_import_log" name="test_update[arg4]" time="0.332" /><testcase classname="cookbook.tests.api.test_api_import_log" name="test_update[arg5]" time="0.485" /><testcase classname="cookbook.tests.api.test_api_import_log" name="test_update[arg6]" time="0.330" /><testcase classname="cookbook.tests.api.test_api_import_log" name="test_delete" time="0.580" /><testcase classname="cookbook.tests.api.test_api_ingredient" name="test_list_permission[arg0]" time="0.243" /><testcase classname="cookbook.tests.api.test_api_ingredient" name="test_list_permission[arg1]" time="0.262" /><testcase classname="cookbook.tests.api.test_api_ingredient" name="test_list_permission[arg2]" time="0.489" /><testcase classname="cookbook.tests.api.test_api_ingredient" name="test_list_permission[arg3]" time="0.278" /><testcase classname="cookbook.tests.api.test_api_ingredient" name="test_list_space" time="0.958" /><testcase classname="cookbook.tests.api.test_api_ingredient" name="test_update[arg0]" time="0.313" /><testcase classname="cookbook.tests.api.test_api_ingredient" name="test_update[arg1]" time="0.332" /><testcase classname="cookbook.tests.api.test_api_ingredient" name="test_update[arg2]" time="0.494" /><testcase classname="cookbook.tests.api.test_api_ingredient" name="test_update[arg3]" time="0.349" /><testcase classname="cookbook.tests.api.test_api_ingredient" name="test_update[arg4]" time="0.328" /><testcase classname="cookbook.tests.api.test_api_ingredient" name="test_update[arg5]" time="0.329" /><testcase classname="cookbook.tests.api.test_api_ingredient" name="test_update[arg6]" time="0.328" /><testcase classname="cookbook.tests.api.test_api_ingredient" name="test_add[arg0]" time="0.250" /><testcase classname="cookbook.tests.api.test_api_ingredient" name="test_add[arg1]" time="0.428" /><testcase classname="cookbook.tests.api.test_api_ingredient" name="test_add[arg2]" time="0.559" /><testcase classname="cookbook.tests.api.test_api_ingredient" name="test_add[arg3]" time="0.558" /><testcase classname="cookbook.tests.api.test_api_ingredient" name="test_delete" time="0.743" /><testcase classname="cookbook.tests.api.test_api_invitelinke" name="test_list_permission[arg0]" time="0.282" /><testcase classname="cookbook.tests.api.test_api_invitelinke" name="test_list_permission[arg1]" time="0.289" /><testcase classname="cookbook.tests.api.test_api_invitelinke" name="test_list_permission[arg2]" time="0.286" /><testcase classname="cookbook.tests.api.test_api_invitelinke" name="test_list_permission[arg3]" time="0.294" /><testcase classname="cookbook.tests.api.test_api_invitelinke" name="test_list_permission[arg4]" time="0.296" /><testcase classname="cookbook.tests.api.test_api_invitelinke" name="test_update[arg0]" time="0.438" /><testcase classname="cookbook.tests.api.test_api_invitelinke" name="test_update[arg1]" time="0.285" /><testcase classname="cookbook.tests.api.test_api_invitelinke" name="test_update[arg2]" time="0.273" /><testcase classname="cookbook.tests.api.test_api_invitelinke" name="test_update[arg3]" time="0.287" /><testcase classname="cookbook.tests.api.test_api_invitelinke" name="test_update[arg4]" time="0.288" /><testcase classname="cookbook.tests.api.test_api_invitelinke" name="test_update[arg5]" time="0.459" /><testcase classname="cookbook.tests.api.test_api_invitelinke" name="test_update[arg6]" time="0.282" /><testcase classname="cookbook.tests.api.test_api_invitelinke" name="test_add[arg0]" time="0.255" /><testcase classname="cookbook.tests.api.test_api_invitelinke" name="test_add[arg1]" time="0.270" /><testcase classname="cookbook.tests.api.test_api_invitelinke" name="test_add[arg2]" time="0.270" /><testcase classname="cookbook.tests.api.test_api_invitelinke" name="test_add[arg3]" time="0.267" /><testcase classname="cookbook.tests.api.test_api_invitelinke" name="test_add[arg4]" time="0.420" /><testcase classname="cookbook.tests.api.test_api_invitelinke" name="test_delete" time="0.784" /><testcase classname="cookbook.tests.api.test_api_keyword" name="test_list_permission[arg0]" time="0.243" /><testcase classname="cookbook.tests.api.test_api_keyword" name="test_list_permission[arg1]" time="0.267" /><testcase classname="cookbook.tests.api.test_api_keyword" name="test_list_permission[arg2]" time="0.460" /><testcase classname="cookbook.tests.api.test_api_keyword" name="test_list_permission[arg3]" time="0.269" /><testcase classname="cookbook.tests.api.test_api_keyword" name="test_list_space" time="0.562" /><testcase classname="cookbook.tests.api.test_api_keyword" name="test_list_filter" time="0.341" /><testcase classname="cookbook.tests.api.test_api_keyword" name="test_update[arg0]" time="0.246" /><testcase classname="cookbook.tests.api.test_api_keyword" name="test_update[arg1]" time="0.433" /><testcase classname="cookbook.tests.api.test_api_keyword" name="test_update[arg2]" time="0.270" /><testcase classname="cookbook.tests.api.test_api_keyword" name="test_update[arg3]" time="0.270" /><testcase classname="cookbook.tests.api.test_api_keyword" name="test_update[arg4]" time="0.265" /><testcase classname="cookbook.tests.api.test_api_keyword" name="test_update[arg5]" time="0.273" /><testcase classname="cookbook.tests.api.test_api_keyword" name="test_update[arg6]" time="0.268" /><testcase classname="cookbook.tests.api.test_api_keyword" name="test_add[arg0]" time="0.251" /><testcase classname="cookbook.tests.api.test_api_keyword" name="test_add[arg1]" time="0.466" /><testcase classname="cookbook.tests.api.test_api_keyword" name="test_add[arg2]" time="0.545" /><testcase classname="cookbook.tests.api.test_api_keyword" name="test_add[arg3]" time="0.544" /><testcase classname="cookbook.tests.api.test_api_keyword" name="test_add_duplicate" time="0.762" /><testcase classname="cookbook.tests.api.test_api_keyword" name="test_delete" time="0.542" /><testcase classname="cookbook.tests.api.test_api_keyword" name="test_move" time="0.346" /><testcase classname="cookbook.tests.api.test_api_keyword" name="test_merge" time="0.628" /><testcase classname="cookbook.tests.api.test_api_keyword" name="test_root_filter" time="0.457" /><testcase classname="cookbook.tests.api.test_api_keyword" name="test_tree_filter" time="0.302" /><testcase classname="cookbook.tests.api.test_api_meal_plan" name="test_list_permission[arg0]" time="0.240" /><testcase classname="cookbook.tests.api.test_api_meal_plan" name="test_list_permission[arg1]" time="0.259" /><testcase classname="cookbook.tests.api.test_api_meal_plan" name="test_list_permission[arg2]" time="0.258" /><testcase classname="cookbook.tests.api.test_api_meal_plan" name="test_list_permission[arg3]" time="0.257" /><testcase classname="cookbook.tests.api.test_api_meal_plan" name="test_list_space" time="0.825" /><testcase classname="cookbook.tests.api.test_api_meal_plan" name="test_list_filter" time="0.388" /><testcase classname="cookbook.tests.api.test_api_meal_plan" name="test_update[arg0]" time="0.315" /><testcase classname="cookbook.tests.api.test_api_meal_plan" name="test_update[arg1]" time="0.331" /><testcase classname="cookbook.tests.api.test_api_meal_plan" name="test_update[arg2]" time="0.335" /><testcase classname="cookbook.tests.api.test_api_meal_plan" name="test_update[arg3]" time="0.494" /><testcase classname="cookbook.tests.api.test_api_meal_plan" name="test_update[arg4]" time="0.331" /><testcase classname="cookbook.tests.api.test_api_meal_plan" name="test_update[arg5]" time="0.335" /><testcase classname="cookbook.tests.api.test_api_meal_plan" name="test_update[arg6]" time="0.331" /><testcase classname="cookbook.tests.api.test_api_meal_plan" name="test_add[arg0]" time="0.323" /><testcase classname="cookbook.tests.api.test_api_meal_plan" name="test_add[arg1]" time="0.773" /><testcase classname="cookbook.tests.api.test_api_meal_plan" name="test_add[arg2]" time="0.603" /><testcase classname="cookbook.tests.api.test_api_meal_plan" name="test_add[arg3]" time="0.619" /><testcase classname="cookbook.tests.api.test_api_meal_plan" name="test_delete" time="0.576" /><testcase classname="cookbook.tests.api.test_api_meal_plan" name="test_add_with_shopping" time="0.689" /><testcase classname="cookbook.tests.api.test_api_meal_type" name="test_list_permission[arg0]" time="0.240" /><testcase classname="cookbook.tests.api.test_api_meal_type" name="test_list_permission[arg1]" time="0.258" /><testcase classname="cookbook.tests.api.test_api_meal_type" name="test_list_permission[arg2]" time="0.266" /><testcase classname="cookbook.tests.api.test_api_meal_type" name="test_list_permission[arg3]" time="0.258" /><testcase classname="cookbook.tests.api.test_api_meal_type" name="test_list_space" time="0.687" /><testcase classname="cookbook.tests.api.test_api_meal_type" name="test_update[arg0]" time="0.259" /><testcase classname="cookbook.tests.api.test_api_meal_type" name="test_update[arg1]" time="0.279" /><testcase classname="cookbook.tests.api.test_api_meal_type" name="test_update[arg2]" time="0.279" /><testcase classname="cookbook.tests.api.test_api_meal_type" name="test_update[arg3]" time="0.296" /><testcase classname="cookbook.tests.api.test_api_meal_type" name="test_update[arg4]" time="0.275" /><testcase classname="cookbook.tests.api.test_api_meal_type" name="test_update[arg5]" time="0.274" /><testcase classname="cookbook.tests.api.test_api_meal_type" name="test_update[arg6]" time="0.480" /><testcase classname="cookbook.tests.api.test_api_meal_type" name="test_add[arg0]" time="0.256" /><testcase classname="cookbook.tests.api.test_api_meal_type" name="test_add[arg1]" time="0.527" /><testcase classname="cookbook.tests.api.test_api_meal_type" name="test_add[arg2]" time="0.537" /><testcase classname="cookbook.tests.api.test_api_meal_type" name="test_add[arg3]" time="0.803" /><testcase classname="cookbook.tests.api.test_api_meal_type" name="test_add_duplicate" time="0.517" /><testcase classname="cookbook.tests.api.test_api_meal_type" name="test_delete" time="0.517" /><testcase classname="cookbook.tests.api.test_api_property" name="test_list_permission[arg0]" time="0.439" /><testcase classname="cookbook.tests.api.test_api_property" name="test_list_permission[arg1]" time="0.271" /><testcase classname="cookbook.tests.api.test_api_property" name="test_list_permission[arg2]" time="0.270" /><testcase classname="cookbook.tests.api.test_api_property" name="test_list_permission[arg3]" time="0.276" /><testcase classname="cookbook.tests.api.test_api_property" name="test_list_space" time="0.593" /><testcase classname="cookbook.tests.api.test_api_property" name="test_update[arg0]" time="0.473" /><testcase classname="cookbook.tests.api.test_api_property" name="test_update[arg1]" time="0.282" /><testcase classname="cookbook.tests.api.test_api_property" name="test_update[arg2]" time="0.275" /><testcase classname="cookbook.tests.api.test_api_property" name="test_update[arg3]" time="0.288" /><testcase classname="cookbook.tests.api.test_api_property" name="test_update[arg4]" time="0.285" /><testcase classname="cookbook.tests.api.test_api_property" name="test_update[arg5]" time="0.287" /><testcase classname="cookbook.tests.api.test_api_property" name="test_update[arg6]" time="0.524" /><testcase classname="cookbook.tests.api.test_api_property" name="test_add[arg0]" time="0.259" /><testcase classname="cookbook.tests.api.test_api_property" name="test_add[arg1]" time="0.277" /><testcase classname="cookbook.tests.api.test_api_property" name="test_add[arg2]" time="0.549" /><testcase classname="cookbook.tests.api.test_api_property" name="test_add[arg3]" time="0.559" /><testcase classname="cookbook.tests.api.test_api_property" name="test_delete" time="0.787" /><testcase classname="cookbook.tests.api.test_api_property_type" name="test_list_permission[arg0]" time="0.250" /><testcase classname="cookbook.tests.api.test_api_property_type" name="test_list_permission[arg1]" time="0.274" /><testcase classname="cookbook.tests.api.test_api_property_type" name="test_list_permission[arg2]" time="0.270" /><testcase classname="cookbook.tests.api.test_api_property_type" name="test_list_permission[arg3]" time="0.271" /><testcase classname="cookbook.tests.api.test_api_property_type" name="test_list_space" time="0.813" /><testcase classname="cookbook.tests.api.test_api_property_type" name="test_update[arg0]" time="0.261" /><testcase classname="cookbook.tests.api.test_api_property_type" name="test_update[arg1]" time="0.283" /><testcase classname="cookbook.tests.api.test_api_property_type" name="test_update[arg2]" time="0.272" /><testcase classname="cookbook.tests.api.test_api_property_type" name="test_update[arg3]" time="0.290" /><testcase classname="cookbook.tests.api.test_api_property_type" name="test_update[arg4]" time="0.529" /><testcase classname="cookbook.tests.api.test_api_property_type" name="test_update[arg5]" time="0.287" /><testcase classname="cookbook.tests.api.test_api_property_type" name="test_update[arg6]" time="0.284" /><testcase classname="cookbook.tests.api.test_api_property_type" name="test_add[arg0]" time="0.256" /><testcase classname="cookbook.tests.api.test_api_property_type" name="test_add[arg1]" time="0.274" /><testcase classname="cookbook.tests.api.test_api_property_type" name="test_add[arg2]" time="0.711" /><testcase classname="cookbook.tests.api.test_api_property_type" name="test_add[arg3]" time="0.532" /><testcase classname="cookbook.tests.api.test_api_property_type" name="test_add_duplicate" time="0.525" /><testcase classname="cookbook.tests.api.test_api_property_type" name="test_delete" time="0.520" /><testcase classname="cookbook.tests.api.test_api_recipe" name="test_list_permission[arg0]" time="0.415" /><testcase classname="cookbook.tests.api.test_api_recipe" name="test_list_permission[arg1]" time="0.271" /><testcase classname="cookbook.tests.api.test_api_recipe" name="test_list_permission[arg2]" time="0.267" /><testcase classname="cookbook.tests.api.test_api_recipe" name="test_list_permission[arg3]" time="0.272" /><testcase classname="cookbook.tests.api.test_api_recipe" name="test_list_space" time="0.682" /><testcase classname="cookbook.tests.api.test_api_recipe" name="test_share_permission" time="2.845" /><testcase classname="cookbook.tests.api.test_api_recipe" name="test_update[arg0]" time="0.309" /><testcase classname="cookbook.tests.api.test_api_recipe" name="test_update[arg1]" time="0.606" /><testcase classname="cookbook.tests.api.test_api_recipe" name="test_update[arg2]" time="0.513" /><testcase classname="cookbook.tests.api.test_api_recipe" name="test_update[arg3]" time="0.512" /><testcase classname="cookbook.tests.api.test_api_recipe" name="test_update[arg4]" time="0.334" /><testcase classname="cookbook.tests.api.test_api_recipe" name="test_update[arg5]" time="0.335" /><testcase classname="cookbook.tests.api.test_api_recipe" name="test_update[arg6]" time="0.335" /><testcase classname="cookbook.tests.api.test_api_recipe" name="test_update_share" time="0.861" /><testcase classname="cookbook.tests.api.test_api_recipe" name="test_update_private_recipe" time="1.292" /><testcase classname="cookbook.tests.api.test_api_recipe" name="test_add[arg0]" time="0.260" /><testcase classname="cookbook.tests.api.test_api_recipe" name="test_add[arg1]" time="0.292" /><testcase classname="cookbook.tests.api.test_api_recipe" name="test_add[arg2]" time="1.123" /><testcase classname="cookbook.tests.api.test_api_recipe" name="test_add[arg3]" time="0.950" /><testcase classname="cookbook.tests.api.test_api_recipe" name="test_delete" time="1.257" /><testcase classname="cookbook.tests.api.test_api_recipe_book" name="test_list_permission[arg0]" time="0.241" /><testcase classname="cookbook.tests.api.test_api_recipe_book" name="test_list_permission[arg1]" time="0.260" /><testcase classname="cookbook.tests.api.test_api_recipe_book" name="test_list_permission[arg2]" time="0.259" /><testcase classname="cookbook.tests.api.test_api_recipe_book" name="test_list_permission[arg3]" time="0.257" /><testcase classname="cookbook.tests.api.test_api_recipe_book" name="test_list_space" time="0.745" /><testcase classname="cookbook.tests.api.test_api_recipe_book" name="test_list_filter" time="0.303" /><testcase classname="cookbook.tests.api.test_api_recipe_book" name="test_update[arg0]" time="0.256" /><testcase classname="cookbook.tests.api.test_api_recipe_book" name="test_update[arg1]" time="0.275" /><testcase classname="cookbook.tests.api.test_api_recipe_book" name="test_update[arg2]" time="0.274" /><testcase classname="cookbook.tests.api.test_api_recipe_book" name="test_update[arg3]" time="0.284" /><testcase classname="cookbook.tests.api.test_api_recipe_book" name="test_update[arg4]" time="0.287" /><testcase classname="cookbook.tests.api.test_api_recipe_book" name="test_update[arg5]" time="0.528" /><testcase classname="cookbook.tests.api.test_api_recipe_book" name="test_update[arg6]" time="0.278" /><testcase classname="cookbook.tests.api.test_api_recipe_book" name="test_add[arg0]" time="0.255" /><testcase classname="cookbook.tests.api.test_api_recipe_book" name="test_add[arg1]" time="0.539" /><testcase classname="cookbook.tests.api.test_api_recipe_book" name="test_add[arg2]" time="0.683" /><testcase classname="cookbook.tests.api.test_api_recipe_book" name="test_add[arg3]" time="0.528" /><testcase classname="cookbook.tests.api.test_api_recipe_book" name="test_delete" time="0.521" /><testcase classname="cookbook.tests.api.test_api_recipe_book_entry" name="test_list_permission[arg0]" time="0.239" /><testcase classname="cookbook.tests.api.test_api_recipe_book_entry" name="test_list_permission[arg1]" time="0.258" /><testcase classname="cookbook.tests.api.test_api_recipe_book_entry" name="test_list_permission[arg2]" time="0.442" /><testcase classname="cookbook.tests.api.test_api_recipe_book_entry" name="test_list_permission[arg3]" time="0.258" /><testcase classname="cookbook.tests.api.test_api_recipe_book_entry" name="test_list_space" time="0.621" /><testcase classname="cookbook.tests.api.test_api_recipe_book_entry" name="test_update[arg0]" time="0.365" /><testcase classname="cookbook.tests.api.test_api_recipe_book_entry" name="test_update[arg1]" time="0.379" /><testcase classname="cookbook.tests.api.test_api_recipe_book_entry" name="test_update[arg2]" time="0.381" /><testcase classname="cookbook.tests.api.test_api_recipe_book_entry" name="test_update[arg3]" time="0.605" /><testcase classname="cookbook.tests.api.test_api_recipe_book_entry" name="test_update[arg4]" time="0.380" /><testcase classname="cookbook.tests.api.test_api_recipe_book_entry" name="test_update[arg5]" time="0.379" /><testcase classname="cookbook.tests.api.test_api_recipe_book_entry" name="test_update[arg6]" time="0.380" /><testcase classname="cookbook.tests.api.test_api_recipe_book_entry" name="test_add[arg0]" time="0.371" /><testcase classname="cookbook.tests.api.test_api_recipe_book_entry" name="test_add[arg1]" time="0.390" /><testcase classname="cookbook.tests.api.test_api_recipe_book_entry" name="test_add[arg2]" time="0.845" /><testcase classname="cookbook.tests.api.test_api_recipe_book_entry" name="test_add[arg3]" time="0.392" /><testcase classname="cookbook.tests.api.test_api_recipe_book_entry" name="test_add_duplicate" time="0.325" /><testcase classname="cookbook.tests.api.test_api_recipe_book_entry" name="test_delete" time="0.569" /><testcase classname="cookbook.tests.api.test_api_related_recipe" name="test_get_related_recipes[recipe0-0-arg0]" time="0.418" /><testcase classname="cookbook.tests.api.test_api_related_recipe" name="test_get_related_recipes[recipe0-0-arg1]" time="0.576" /><testcase classname="cookbook.tests.api.test_api_related_recipe" name="test_get_related_recipes[recipe0-0-arg2]" time="0.365" /><testcase classname="cookbook.tests.api.test_api_related_recipe" name="test_get_related_recipes[recipe0-0-arg3]" time="0.411" /><testcase classname="cookbook.tests.api.test_api_related_recipe" name="test_get_related_recipes[recipe1-1-arg0]" time="0.505" /><testcase classname="cookbook.tests.api.test_api_related_recipe" name="test_get_related_recipes[recipe1-1-arg1]" time="0.491" /><testcase classname="cookbook.tests.api.test_api_related_recipe" name="test_get_related_recipes[recipe1-1-arg2]" time="0.456" /><testcase classname="cookbook.tests.api.test_api_related_recipe" name="test_get_related_recipes[recipe1-1-arg3]" time="0.666" /><testcase classname="cookbook.tests.api.test_api_related_recipe" name="test_get_related_recipes[recipe2-1-arg0]" time="0.526" /><testcase classname="cookbook.tests.api.test_api_related_recipe" name="test_get_related_recipes[recipe2-1-arg1]" time="0.513" /><testcase classname="cookbook.tests.api.test_api_related_recipe" name="test_get_related_recipes[recipe2-1-arg2]" time="0.478" /><testcase classname="cookbook.tests.api.test_api_related_recipe" name="test_get_related_recipes[recipe2-1-arg3]" time="0.505" /><testcase classname="cookbook.tests.api.test_api_related_recipe" name="test_get_related_recipes[recipe3-2-arg0]" time="0.801" /><testcase classname="cookbook.tests.api.test_api_related_recipe" name="test_get_related_recipes[recipe3-2-arg1]" time="0.583" /><testcase classname="cookbook.tests.api.test_api_related_recipe" name="test_get_related_recipes[recipe3-2-arg2]" time="0.545" /><testcase classname="cookbook.tests.api.test_api_related_recipe" name="test_get_related_recipes[recipe3-2-arg3]" time="0.596" /><testcase classname="cookbook.tests.api.test_api_related_recipe" name="test_related_mixed_space[recipe0]" time="0.470" /><testcase classname="cookbook.tests.api.test_api_related_recipe" name="test_related_mixed_space[recipe1]" time="0.473" /><testcase classname="cookbook.tests.api.test_api_related_recipe" name="test_related_mixed_space[recipe2]" time="0.721" /><testcase classname="cookbook.tests.api.test_api_share_link" name="test_get_share_link" time="1.099" /><testcase classname="cookbook.tests.api.test_api_shopping_list" name="test_list_permission[arg0]" time="0.241" /><testcase classname="cookbook.tests.api.test_api_shopping_list" name="test_list_permission[arg1]" time="0.266" /><testcase classname="cookbook.tests.api.test_api_shopping_list" name="test_list_permission[arg2]" time="0.451" /><testcase classname="cookbook.tests.api.test_api_shopping_list" name="test_list_permission[arg3]" time="0.258" /><testcase classname="cookbook.tests.api.test_api_shopping_list" name="test_list_space" time="0.549" /><testcase classname="cookbook.tests.api.test_api_shopping_list" name="test_share" time="0.821" /><testcase classname="cookbook.tests.api.test_api_shopping_list" name="test_new_share" time="0.991" /><testcase classname="cookbook.tests.api.test_api_shopping_list" name="test_update[arg0]" time="0.255" /><testcase classname="cookbook.tests.api.test_api_shopping_list" name="test_update[arg1]" time="0.274" /><testcase classname="cookbook.tests.api.test_api_shopping_list" name="test_update[arg2]" time="0.270" /><testcase classname="cookbook.tests.api.test_api_shopping_list" name="test_update[arg3]" time="0.270" /><testcase classname="cookbook.tests.api.test_api_shopping_list" name="test_update[arg4]" time="0.461" /><testcase classname="cookbook.tests.api.test_api_shopping_list" name="test_update[arg5]" time="0.272" /><testcase classname="cookbook.tests.api.test_api_shopping_list" name="test_update[arg6]" time="0.271" /><testcase classname="cookbook.tests.api.test_api_shopping_list" name="test_add[arg0]" time="0.238" /><testcase classname="cookbook.tests.api.test_api_shopping_list" name="test_add[arg1]" time="0.266" /><testcase classname="cookbook.tests.api.test_api_shopping_list" name="test_add[arg2]" time="0.264" /><testcase classname="cookbook.tests.api.test_api_shopping_list" name="test_add[arg3]" time="0.429" /><testcase classname="cookbook.tests.api.test_api_shopping_list" name="test_delete" time="0.517" /><testcase classname="cookbook.tests.api.test_api_shopping_list_entry" name="test_list_permission[arg0]" time="0.238" /><testcase classname="cookbook.tests.api.test_api_shopping_list_entry" name="test_list_permission[arg1]" time="0.258" /><testcase classname="cookbook.tests.api.test_api_shopping_list_entry" name="test_list_permission[arg2]" time="0.255" /><testcase classname="cookbook.tests.api.test_api_shopping_list_entry" name="test_list_permission[arg3]" time="0.257" /><testcase classname="cookbook.tests.api.test_api_shopping_list_entry" name="test_list_space" time="0.819" /><testcase classname="cookbook.tests.api.test_api_shopping_list_entry" name="test_update[arg0]" time="0.262" /><testcase classname="cookbook.tests.api.test_api_shopping_list_entry" name="test_update[arg1]" time="0.283" /><testcase classname="cookbook.tests.api.test_api_shopping_list_entry" name="test_update[arg2]" time="0.301" /><testcase classname="cookbook.tests.api.test_api_shopping_list_entry" name="test_update[arg3]" time="0.294" /><testcase classname="cookbook.tests.api.test_api_shopping_list_entry" name="test_update[arg4]" time="0.288" /><testcase classname="cookbook.tests.api.test_api_shopping_list_entry" name="test_update[arg5]" time="0.503" /><testcase classname="cookbook.tests.api.test_api_shopping_list_entry" name="test_update[arg6]" time="0.291" /><testcase classname="cookbook.tests.api.test_api_shopping_list_entry" name="test_add[arg0]" time="0.268" /><testcase classname="cookbook.tests.api.test_api_shopping_list_entry" name="test_add[arg1]" time="0.307" /><testcase classname="cookbook.tests.api.test_api_shopping_list_entry" name="test_add[arg2]" time="0.293" /><testcase classname="cookbook.tests.api.test_api_shopping_list_entry" name="test_add[arg3]" time="0.297" /><testcase classname="cookbook.tests.api.test_api_shopping_list_entry" name="test_delete" time="0.752" /><testcase classname="cookbook.tests.api.test_api_shopping_list_entryv2" name="test_list_permission[arg0]" time="0.241" /><testcase classname="cookbook.tests.api.test_api_shopping_list_entryv2" name="test_list_permission[arg1]" time="0.260" /><testcase classname="cookbook.tests.api.test_api_shopping_list_entryv2" name="test_list_permission[arg2]" time="0.258" /><testcase classname="cookbook.tests.api.test_api_shopping_list_entryv2" name="test_list_permission[arg3]" time="0.260" /><testcase classname="cookbook.tests.api.test_api_shopping_list_entryv2" name="test_list_space" time="0.731" /><testcase classname="cookbook.tests.api.test_api_shopping_list_entryv2" name="test_get_detail" time="0.560" /><testcase classname="cookbook.tests.api.test_api_shopping_list_entryv2" name="test_update[arg0]" time="0.328" /><testcase classname="cookbook.tests.api.test_api_shopping_list_entryv2" name="test_update[arg1]" time="0.347" /><testcase classname="cookbook.tests.api.test_api_shopping_list_entryv2" name="test_update[arg2]" time="0.362" /><testcase classname="cookbook.tests.api.test_api_shopping_list_entryv2" name="test_update[arg3]" time="0.347" /><testcase classname="cookbook.tests.api.test_api_shopping_list_entryv2" name="test_update[arg4]" time="0.349" /><testcase classname="cookbook.tests.api.test_api_shopping_list_entryv2" name="test_update[arg5]" time="0.349" /><testcase classname="cookbook.tests.api.test_api_shopping_list_entryv2" name="test_update[arg6]" time="0.540" /><testcase classname="cookbook.tests.api.test_api_shopping_list_entryv2" name="test_add[arg0]" time="0.330" /><testcase classname="cookbook.tests.api.test_api_shopping_list_entryv2" name="test_add[arg1]" time="0.365" /><testcase classname="cookbook.tests.api.test_api_shopping_list_entryv2" name="test_add[arg2]" time="0.355" /><testcase classname="cookbook.tests.api.test_api_shopping_list_entryv2" name="test_add[arg3]" time="0.363" /><testcase classname="cookbook.tests.api.test_api_shopping_list_entryv2" name="test_delete" time="0.598" /><testcase classname="cookbook.tests.api.test_api_shopping_list_entryv2" name="test_sharing[g1_s1-20-sle_20]" time="1.503" /><testcase classname="cookbook.tests.api.test_api_shopping_list_entryv2" name="test_sharing[g1_s2-10-sle_21]" time="1.106" /><testcase classname="cookbook.tests.api.test_api_shopping_list_entryv2" name="test_sharing[u2_s1-20-sle_22]" time="1.496" /><testcase classname="cookbook.tests.api.test_api_shopping_list_entryv2" name="test_sharing[u1_s2-10-sle_23]" time="1.108" /><testcase classname="cookbook.tests.api.test_api_shopping_list_entryv2" name="test_sharing[a1_s1-20-sle_24]" time="1.295" /><testcase classname="cookbook.tests.api.test_api_shopping_list_entryv2" name="test_sharing[a1_s2-10-sle_25]" time="1.486" /><testcase classname="cookbook.tests.api.test_api_shopping_list_entryv2" name="test_completed" time="0.675" /><testcase classname="cookbook.tests.api.test_api_shopping_list_entryv2" name="test_recent" time="0.589" /><testcase classname="cookbook.tests.api.test_api_shopping_list_recipe" name="test_list_permission[arg0]" time="0.247" /><testcase classname="cookbook.tests.api.test_api_shopping_list_recipe" name="test_list_permission[arg1]" time="0.274" /><testcase classname="cookbook.tests.api.test_api_shopping_list_recipe" name="test_list_permission[arg2]" time="0.616" /><testcase classname="cookbook.tests.api.test_api_shopping_list_recipe" name="test_list_permission[arg3]" time="0.269" /><testcase classname="cookbook.tests.api.test_api_shopping_list_recipe" name="test_list_space" time="0.625" /><testcase classname="cookbook.tests.api.test_api_shopping_list_recipe" name="test_update[arg0]" time="0.320" /><testcase classname="cookbook.tests.api.test_api_shopping_list_recipe" name="test_update[arg1]" time="0.330" /><testcase classname="cookbook.tests.api.test_api_shopping_list_recipe" name="test_update[arg2]" time="0.341" /><testcase classname="cookbook.tests.api.test_api_shopping_list_recipe" name="test_update[arg3]" time="0.662" /><testcase classname="cookbook.tests.api.test_api_shopping_list_recipe" name="test_update[arg4]" time="0.341" /><testcase classname="cookbook.tests.api.test_api_shopping_list_recipe" name="test_update[arg5]" time="0.355" /><testcase classname="cookbook.tests.api.test_api_shopping_list_recipe" name="test_update[arg6]" time="0.341" /><testcase classname="cookbook.tests.api.test_api_shopping_list_recipe" name="test_add[arg0]" time="0.320" /><testcase classname="cookbook.tests.api.test_api_shopping_list_recipe" name="test_add[arg1]" time="0.344" /><testcase classname="cookbook.tests.api.test_api_shopping_list_recipe" name="test_add[arg2]" time="0.324" /><testcase classname="cookbook.tests.api.test_api_shopping_list_recipe" name="test_add[arg3]" time="0.569" /><testcase classname="cookbook.tests.api.test_api_shopping_list_recipe" name="test_delete" time="0.605" /><testcase classname="cookbook.tests.api.test_api_shopping_recipe" name="test_shopping_recipe_method[recipe0-10-arg0]" time="0.403" /><testcase classname="cookbook.tests.api.test_api_shopping_recipe" name="test_shopping_recipe_method[recipe0-10-arg1]" time="0.950" /><testcase classname="cookbook.tests.api.test_api_shopping_recipe" name="test_shopping_recipe_method[recipe0-10-arg2]" time="0.654" /><testcase classname="cookbook.tests.api.test_api_shopping_recipe" name="test_shopping_recipe_method[recipe0-10-arg3]" time="1.218" /><testcase classname="cookbook.tests.api.test_api_shopping_recipe" name="test_shopping_recipe_method[recipe1-20-arg0]" time="0.512" /><testcase classname="cookbook.tests.api.test_api_shopping_recipe" name="test_shopping_recipe_method[recipe1-20-arg1]" time="1.441" /><testcase classname="cookbook.tests.api.test_api_shopping_recipe" name="test_shopping_recipe_method[recipe1-20-arg2]" time="0.506" /><testcase classname="cookbook.tests.api.test_api_shopping_recipe" name="test_shopping_recipe_method[recipe1-20-arg3]" time="1.456" /><testcase classname="cookbook.tests.api.test_api_shopping_recipe" name="test_shopping_recipe_method[recipe2-19-arg0]" time="0.505" /><testcase classname="cookbook.tests.api.test_api_shopping_recipe" name="test_shopping_recipe_method[recipe2-19-arg1]" time="1.514" /><testcase classname="cookbook.tests.api.test_api_shopping_recipe" name="test_shopping_recipe_method[recipe2-19-arg2]" time="0.517" /><testcase classname="cookbook.tests.api.test_api_shopping_recipe" name="test_shopping_recipe_method[recipe2-19-arg3]" time="1.482" /><testcase classname="cookbook.tests.api.test_api_shopping_recipe" name="test_shopping_recipe_method[recipe3-29-arg0]" time="0.610" /><testcase classname="cookbook.tests.api.test_api_shopping_recipe" name="test_shopping_recipe_method[recipe3-29-arg1]" time="1.643" /><testcase classname="cookbook.tests.api.test_api_shopping_recipe" name="test_shopping_recipe_method[recipe3-29-arg2]" time="0.585" /><testcase classname="cookbook.tests.api.test_api_shopping_recipe" name="test_shopping_recipe_method[recipe3-29-arg3]" time="1.838" /><testcase classname="cookbook.tests.api.test_api_shopping_recipe" name="test_shopping_recipe_edit[False-recipe0-10]" time="1.732" /><testcase classname="cookbook.tests.api.test_api_shopping_recipe" name="test_shopping_recipe_edit[False-recipe1-20]" time="2.401" /><testcase classname="cookbook.tests.api.test_api_shopping_recipe" name="test_shopping_recipe_edit[False-recipe2-19]" time="2.555" /><testcase classname="cookbook.tests.api.test_api_shopping_recipe" name="test_shopping_recipe_edit[False-recipe3-29]" time="3.232" /><testcase classname="cookbook.tests.api.test_api_shopping_recipe" name="test_shopping_recipe_edit[True-recipe0-10]" time="1.554" /><testcase classname="cookbook.tests.api.test_api_shopping_recipe" name="test_shopping_recipe_edit[True-recipe1-20]" time="2.450" /><testcase classname="cookbook.tests.api.test_api_shopping_recipe" name="test_shopping_recipe_edit[True-recipe2-19]" time="2.168" /><testcase classname="cookbook.tests.api.test_api_shopping_recipe" name="test_shopping_recipe_edit[True-recipe3-29]" time="3.192" /><testcase classname="cookbook.tests.api.test_api_shopping_recipe" name="test_shopping_recipe_userpreference[recipe0-False-user20-sle_count0]" time="0.708" /><testcase classname="cookbook.tests.api.test_api_shopping_recipe" name="test_shopping_recipe_userpreference[recipe0-False-user21-sle_count1]" time="0.838" /><testcase classname="cookbook.tests.api.test_api_shopping_recipe" name="test_shopping_recipe_userpreference[recipe0-False-user22-sle_count2]" time="0.718" /><testcase classname="cookbook.tests.api.test_api_shopping_recipe" name="test_shopping_recipe_userpreference[recipe0-False-user23-sle_count3]" time="0.625" /><testcase classname="cookbook.tests.api.test_api_shopping_recipe" name="test_shopping_recipe_userpreference[recipe0-True-user20-sle_count0]" time="0.464" /><testcase classname="cookbook.tests.api.test_api_shopping_recipe" name="test_shopping_recipe_userpreference[recipe0-True-user21-sle_count1]" time="0.565" /><testcase classname="cookbook.tests.api.test_api_shopping_recipe" name="test_shopping_recipe_userpreference[recipe0-True-user22-sle_count2]" time="0.654" /><testcase classname="cookbook.tests.api.test_api_shopping_recipe" name="test_shopping_recipe_userpreference[recipe0-True-user23-sle_count3]" time="0.754" /><testcase classname="cookbook.tests.api.test_api_shopping_recipe" name="test_shopping_recipe_mixed_authors" time="1.139" /><testcase classname="cookbook.tests.api.test_api_shopping_recipe" name="test_shopping_with_header_ingredient[recipe0]" time="0.704" /><testcase classname="cookbook.tests.api.test_api_space" name="test_list_permission[arg0]" time="0.257" /><testcase classname="cookbook.tests.api.test_api_space" name="test_list_permission[arg1]" time="0.287" /><testcase classname="cookbook.tests.api.test_api_space" name="test_list_permission[arg2]" time="0.280" /><testcase classname="cookbook.tests.api.test_api_space" name="test_list_permission[arg3]" time="0.607" /><testcase classname="cookbook.tests.api.test_api_space" name="test_list_permission[arg4]" time="0.286" /><testcase classname="cookbook.tests.api.test_api_space" name="test_update[arg0]" time="0.260" /><testcase classname="cookbook.tests.api.test_api_space" name="test_update[arg1]" time="0.279" /><testcase classname="cookbook.tests.api.test_api_space" name="test_update[arg2]" time="0.283" /><testcase classname="cookbook.tests.api.test_api_space" name="test_update[arg3]" time="0.290" /><testcase classname="cookbook.tests.api.test_api_space" name="test_update[arg4]" time="0.283" /><testcase classname="cookbook.tests.api.test_api_space" name="test_update[arg5]" time="0.608" /><testcase classname="cookbook.tests.api.test_api_space" name="test_update[arg6]" time="0.290" /><testcase classname="cookbook.tests.api.test_api_space" name="test_add[arg0]" time="0.259" /><testcase classname="cookbook.tests.api.test_api_space" name="test_add[arg1]" time="0.282" /><testcase classname="cookbook.tests.api.test_api_space" name="test_add[arg2]" time="0.276" /><testcase classname="cookbook.tests.api.test_api_space" name="test_add[arg3]" time="0.275" /><testcase classname="cookbook.tests.api.test_api_space" name="test_delete" time="0.749" /><testcase classname="cookbook.tests.api.test_api_step" name="test_list_permission[arg0]" time="0.239" /><testcase classname="cookbook.tests.api.test_api_step" name="test_list_permission[arg1]" time="0.266" /><testcase classname="cookbook.tests.api.test_api_step" name="test_list_permission[arg2]" time="0.270" /><testcase classname="cookbook.tests.api.test_api_step" name="test_list_permission[arg3]" time="0.272" /><testcase classname="cookbook.tests.api.test_api_step" name="test_list_space" time="1.052" /><testcase classname="cookbook.tests.api.test_api_step" name="test_update[arg0]" time="0.312" /><testcase classname="cookbook.tests.api.test_api_step" name="test_update[arg1]" time="0.571" /><testcase classname="cookbook.tests.api.test_api_step" name="test_update[arg2]" time="0.432" /><testcase classname="cookbook.tests.api.test_api_step" name="test_update[arg3]" time="0.443" /><testcase classname="cookbook.tests.api.test_api_step" name="test_update[arg4]" time="0.331" /><testcase classname="cookbook.tests.api.test_api_step" name="test_update[arg5]" time="0.328" /><testcase classname="cookbook.tests.api.test_api_step" name="test_update[arg6]" time="0.335" /><testcase classname="cookbook.tests.api.test_api_step" name="test_add[arg0]" time="0.257" /><testcase classname="cookbook.tests.api.test_api_step" name="test_add[arg1]" time="0.513" /><testcase classname="cookbook.tests.api.test_api_step" name="test_add[arg2]" time="0.546" /><testcase classname="cookbook.tests.api.test_api_step" name="test_add[arg3]" time="0.549" /><testcase classname="cookbook.tests.api.test_api_step" name="test_delete" time="0.580" /><testcase classname="cookbook.tests.api.test_api_storage" name="test_list_permission[arg0]" time="0.445" /><testcase classname="cookbook.tests.api.test_api_storage" name="test_list_permission[arg1]" time="0.264" /><testcase classname="cookbook.tests.api.test_api_storage" name="test_list_permission[arg2]" time="0.262" /><testcase classname="cookbook.tests.api.test_api_storage" name="test_list_permission[arg3]" time="0.262" /><testcase classname="cookbook.tests.api.test_api_storage" name="test_list_space" time="0.557" /><testcase classname="cookbook.tests.api.test_api_storage" name="test_update[arg0]" time="0.259" /><testcase classname="cookbook.tests.api.test_api_storage" name="test_update[arg1]" time="0.279" /><testcase classname="cookbook.tests.api.test_api_storage" name="test_update[arg2]" time="0.501" /><testcase classname="cookbook.tests.api.test_api_storage" name="test_update[arg3]" time="0.278" /><testcase classname="cookbook.tests.api.test_api_storage" name="test_update[arg4]" time="0.281" /><testcase classname="cookbook.tests.api.test_api_storage" name="test_update[arg5]" time="0.279" /><testcase classname="cookbook.tests.api.test_api_storage" name="test_update[arg6]" time="0.276" /><testcase classname="cookbook.tests.api.test_api_storage" name="test_add[arg0]" time="0.266" /><testcase classname="cookbook.tests.api.test_api_storage" name="test_add[arg1]" time="0.293" /><testcase classname="cookbook.tests.api.test_api_storage" name="test_add[arg2]" time="0.496" /><testcase classname="cookbook.tests.api.test_api_storage" name="test_add[arg3]" time="0.550" /><testcase classname="cookbook.tests.api.test_api_storage" name="test_delete" time="0.541" /><testcase classname="cookbook.tests.api.test_api_supermarket" name="test_list_permission[arg0]" time="0.241" /><testcase classname="cookbook.tests.api.test_api_supermarket" name="test_list_permission[arg1]" time="0.263" /><testcase classname="cookbook.tests.api.test_api_supermarket" name="test_list_permission[arg2]" time="0.264" /><testcase classname="cookbook.tests.api.test_api_supermarket" name="test_list_permission[arg3]" time="0.476" /><testcase classname="cookbook.tests.api.test_api_supermarket" name="test_list_space" time="0.563" /><testcase classname="cookbook.tests.api.test_api_supermarket" name="test_list_filter" time="0.306" /><testcase classname="cookbook.tests.api.test_api_supermarket" name="test_update[arg0]" time="0.259" /><testcase classname="cookbook.tests.api.test_api_supermarket" name="test_update[arg1]" time="0.277" /><testcase classname="cookbook.tests.api.test_api_supermarket" name="test_update[arg2]" time="0.271" /><testcase classname="cookbook.tests.api.test_api_supermarket" name="test_update[arg3]" time="0.279" /><testcase classname="cookbook.tests.api.test_api_supermarket" name="test_update[arg4]" time="0.554" /><testcase classname="cookbook.tests.api.test_api_supermarket" name="test_update[arg5]" time="0.279" /><testcase classname="cookbook.tests.api.test_api_supermarket" name="test_update[arg6]" time="0.283" /><testcase classname="cookbook.tests.api.test_api_supermarket" name="test_add[arg0]" time="0.255" /><testcase classname="cookbook.tests.api.test_api_supermarket" name="test_add[arg1]" time="0.275" /><testcase classname="cookbook.tests.api.test_api_supermarket" name="test_add[arg2]" time="0.546" /><testcase classname="cookbook.tests.api.test_api_supermarket" name="test_add[arg3]" time="0.756" /><testcase classname="cookbook.tests.api.test_api_supermarket" name="test_delete" time="0.523" /><testcase classname="cookbook.tests.api.test_api_sync" name="test_list_permission[arg0]" time="0.240" /><testcase classname="cookbook.tests.api.test_api_sync" name="test_list_permission[arg1]" time="0.266" /><testcase classname="cookbook.tests.api.test_api_sync" name="test_list_permission[arg2]" time="0.266" /><testcase classname="cookbook.tests.api.test_api_sync" name="test_list_permission[arg3]" time="0.261" /><testcase classname="cookbook.tests.api.test_api_sync" name="test_list_space" time="0.752" /><testcase classname="cookbook.tests.api.test_api_sync" name="test_update[arg0]" time="0.257" /><testcase classname="cookbook.tests.api.test_api_sync" name="test_update[arg1]" time="0.277" /><testcase classname="cookbook.tests.api.test_api_sync" name="test_update[arg2]" time="0.268" /><testcase classname="cookbook.tests.api.test_api_sync" name="test_update[arg3]" time="0.278" /><testcase classname="cookbook.tests.api.test_api_sync" name="test_update[arg4]" time="0.279" /><testcase classname="cookbook.tests.api.test_api_sync" name="test_update[arg5]" time="0.285" /><testcase classname="cookbook.tests.api.test_api_sync" name="test_update[arg6]" time="0.477" /><testcase classname="cookbook.tests.api.test_api_sync" name="test_add[arg0]" time="0.269" /><testcase classname="cookbook.tests.api.test_api_sync" name="test_add[arg1]" time="0.293" /><testcase classname="cookbook.tests.api.test_api_sync" name="test_add[arg2]" time="0.277" /><testcase classname="cookbook.tests.api.test_api_sync" name="test_add[arg3]" time="0.548" /><testcase classname="cookbook.tests.api.test_api_sync" name="test_delete" time="0.733" /><testcase classname="cookbook.tests.api.test_api_sync_log" name="test_list_permission[arg0]" time="0.242" /><testcase classname="cookbook.tests.api.test_api_sync_log" name="test_list_permission[arg1]" time="0.265" /><testcase classname="cookbook.tests.api.test_api_sync_log" name="test_list_permission[arg2]" time="0.265" /><testcase classname="cookbook.tests.api.test_api_sync_log" name="test_list_permission[arg3]" time="0.265" /><testcase classname="cookbook.tests.api.test_api_sync_log" name="test_list_space" time="0.566" /><testcase classname="cookbook.tests.api.test_api_sync_log" name="test_update[arg0]" time="0.256" /><testcase classname="cookbook.tests.api.test_api_sync_log" name="test_update[arg1]" time="0.279" /><testcase classname="cookbook.tests.api.test_api_sync_log" name="test_update[arg2]" time="0.574" /><testcase classname="cookbook.tests.api.test_api_sync_log" name="test_update[arg3]" time="0.284" /><testcase classname="cookbook.tests.api.test_api_sync_log" name="test_update[arg4]" time="0.285" /><testcase classname="cookbook.tests.api.test_api_sync_log" name="test_update[arg5]" time="0.287" /><testcase classname="cookbook.tests.api.test_api_sync_log" name="test_update[arg6]" time="0.288" /><testcase classname="cookbook.tests.api.test_api_sync_log" name="test_add[arg0]" time="0.274" /><testcase classname="cookbook.tests.api.test_api_sync_log" name="test_add[arg1]" time="0.295" /><testcase classname="cookbook.tests.api.test_api_sync_log" name="test_add[arg2]" time="0.595" /><testcase classname="cookbook.tests.api.test_api_sync_log" name="test_add[arg3]" time="0.310" /><testcase classname="cookbook.tests.api.test_api_sync_log" name="test_delete" time="0.551" /><testcase classname="cookbook.tests.api.test_api_unit" name="test_list_permission[arg0]" time="0.245" /><testcase classname="cookbook.tests.api.test_api_unit" name="test_list_permission[arg1]" time="0.271" /><testcase classname="cookbook.tests.api.test_api_unit" name="test_list_permission[arg2]" time="0.277" /><testcase classname="cookbook.tests.api.test_api_unit" name="test_list_permission[arg3]" time="0.274" /><testcase classname="cookbook.tests.api.test_api_unit" name="test_list_space" time="0.896" /><testcase classname="cookbook.tests.api.test_api_unit" name="test_list_filter" time="0.329" /><testcase classname="cookbook.tests.api.test_api_unit" name="test_update[arg0]" time="0.248" /><testcase classname="cookbook.tests.api.test_api_unit" name="test_update[arg1]" time="0.271" /><testcase classname="cookbook.tests.api.test_api_unit" name="test_update[arg2]" time="0.278" /><testcase classname="cookbook.tests.api.test_api_unit" name="test_update[arg3]" time="0.273" /><testcase classname="cookbook.tests.api.test_api_unit" name="test_update[arg4]" time="0.271" /><testcase classname="cookbook.tests.api.test_api_unit" name="test_update[arg5]" time="0.573" /><testcase classname="cookbook.tests.api.test_api_unit" name="test_update[arg6]" time="0.280" /><testcase classname="cookbook.tests.api.test_api_unit" name="test_add[arg0]" time="0.265" /><testcase classname="cookbook.tests.api.test_api_unit" name="test_add[arg1]" time="0.284" /><testcase classname="cookbook.tests.api.test_api_unit" name="test_add[arg2]" time="0.570" /><testcase classname="cookbook.tests.api.test_api_unit" name="test_add[arg3]" time="0.968" /><testcase classname="cookbook.tests.api.test_api_unit" name="test_add_duplicate" time="0.543" /><testcase classname="cookbook.tests.api.test_api_unit" name="test_delete" time="0.541" /><testcase classname="cookbook.tests.api.test_api_unit" name="test_merge" time="0.408" /><testcase classname="cookbook.tests.api.test_api_unit_conversion" name="test_list_permission[arg0]" time="0.243" /><testcase classname="cookbook.tests.api.test_api_unit_conversion" name="test_list_permission[arg1]" time="0.264" /><testcase classname="cookbook.tests.api.test_api_unit_conversion" name="test_list_permission[arg2]" time="0.267" /><testcase classname="cookbook.tests.api.test_api_unit_conversion" name="test_list_permission[arg3]" time="0.521" /><testcase classname="cookbook.tests.api.test_api_unit_conversion" name="test_list_space" time="0.618" /><testcase classname="cookbook.tests.api.test_api_unit_conversion" name="test_update[arg0]" time="0.263" /><testcase classname="cookbook.tests.api.test_api_unit_conversion" name="test_update[arg1]" time="0.290" /><testcase classname="cookbook.tests.api.test_api_unit_conversion" name="test_update[arg2]" time="0.296" /><testcase classname="cookbook.tests.api.test_api_unit_conversion" name="test_update[arg3]" time="0.302" /><testcase classname="cookbook.tests.api.test_api_unit_conversion" name="test_update[arg4]" time="0.553" /><testcase classname="cookbook.tests.api.test_api_unit_conversion" name="test_update[arg5]" time="0.288" /><testcase classname="cookbook.tests.api.test_api_unit_conversion" name="test_update[arg6]" time="0.287" /><testcase classname="cookbook.tests.api.test_api_unit_conversion" name="test_add[arg0]" time="0.271" /><testcase classname="cookbook.tests.api.test_api_unit_conversion" name="test_add[arg1]" time="0.296" /><testcase classname="cookbook.tests.api.test_api_unit_conversion" name="test_add[arg2]" time="0.578" /><testcase classname="cookbook.tests.api.test_api_unit_conversion" name="test_add[arg3]" time="0.806" /><testcase classname="cookbook.tests.api.test_api_unit_conversion" name="test_add_duplicate" time="0.584" /><testcase classname="cookbook.tests.api.test_api_unit_conversion" name="test_delete" time="0.534" /><testcase classname="cookbook.tests.api.test_api_user" name="test_forbidden_methods" time="0.265" /><testcase classname="cookbook.tests.api.test_api_user" name="test_list[arg0]" time="0.241" /><testcase classname="cookbook.tests.api.test_api_user" name="test_list[arg1]" time="0.268" /><testcase classname="cookbook.tests.api.test_api_user" name="test_list[arg2]" time="0.531" /><testcase classname="cookbook.tests.api.test_api_user" name="test_list[arg3]" time="0.270" /><testcase classname="cookbook.tests.api.test_api_user" name="test_list_filter" time="0.328" /><testcase classname="cookbook.tests.api.test_api_user" name="test_list_space" time="0.568" /><testcase classname="cookbook.tests.api.test_api_user" name="test_user_retrieve[arg0]" time="0.258" /><testcase classname="cookbook.tests.api.test_api_user" name="test_user_retrieve[arg1]" time="0.284" /><testcase classname="cookbook.tests.api.test_api_user" name="test_user_retrieve[arg2]" time="0.274" /><testcase classname="cookbook.tests.api.test_api_user" name="test_user_retrieve[arg3]" time="0.536" /><testcase classname="cookbook.tests.api.test_api_user" name="test_user_retrieve[arg4]" time="0.278" /><testcase classname="cookbook.tests.api.test_api_user" name="test_user_retrieve[arg5]" time="0.285" /><testcase classname="cookbook.tests.api.test_api_user" name="test_user_retrieve[arg6]" time="0.291" /><testcase classname="cookbook.tests.api.test_api_user" name="test_user_update" time="0.317" /><testcase classname="cookbook.tests.api.test_api_userpreference" name="test_add" time="0.517" /><testcase classname="cookbook.tests.api.test_api_userpreference" name="test_preference_list" time="0.290" /><testcase classname="cookbook.tests.api.test_api_userpreference" name="test_preference_retrieve[arg0]" time="0.471" /><testcase classname="cookbook.tests.api.test_api_userpreference" name="test_preference_retrieve[arg1]" time="0.271" /><testcase classname="cookbook.tests.api.test_api_userpreference" name="test_preference_retrieve[arg2]" time="0.271" /><testcase classname="cookbook.tests.api.test_api_userpreference" name="test_preference_retrieve[arg3]" time="0.267" /><testcase classname="cookbook.tests.api.test_api_userpreference" name="test_preference_update" time="0.314" /><testcase classname="cookbook.tests.api.test_api_userpreference" name="test_preference_delete" time="0.277" /><testcase classname="cookbook.tests.api.test_api_userpreference" name="test_default_inherit_fields" time="0.782" /><testcase classname="cookbook.tests.api.test_api_userspace" name="test_list_permission[arg0]" time="0.278" /><testcase classname="cookbook.tests.api.test_api_userspace" name="test_list_permission[arg1]" time="0.285" /><testcase classname="cookbook.tests.api.test_api_userspace" name="test_list_permission[arg2]" time="0.286" /><testcase classname="cookbook.tests.api.test_api_userspace" name="test_list_permission[arg3]" time="0.289" /><testcase classname="cookbook.tests.api.test_api_userspace" name="test_list_permission[arg4]" time="0.295" /><testcase classname="cookbook.tests.api.test_api_userspace" name="test_update[arg0]" time="0.269" /><testcase classname="cookbook.tests.api.test_api_userspace" name="test_update[arg1]" time="0.287" /><testcase classname="cookbook.tests.api.test_api_userspace" name="test_update[arg2]" time="0.275" /><testcase classname="cookbook.tests.api.test_api_userspace" name="test_update[arg3]" time="0.529" /><testcase classname="cookbook.tests.api.test_api_userspace" name="test_update[arg4]" time="0.292" /><testcase classname="cookbook.tests.api.test_api_userspace" name="test_update[arg5]" time="0.286" /><testcase classname="cookbook.tests.api.test_api_userspace" name="test_update[arg6]" time="0.285" /><testcase classname="cookbook.tests.api.test_api_userspace" name="test_update_space_owner" time="0.270" /><testcase classname="cookbook.tests.api.test_api_userspace" name="test_add[arg0]" time="0.256" /><testcase classname="cookbook.tests.api.test_api_userspace" name="test_add[arg1]" time="0.274" /><testcase classname="cookbook.tests.api.test_api_userspace" name="test_add[arg2]" time="0.505" /><testcase classname="cookbook.tests.api.test_api_userspace" name="test_add[arg3]" time="0.276" /><testcase classname="cookbook.tests.api.test_api_userspace" name="test_delete" time="0.535" /><testcase classname="cookbook.tests.api.test_api_view_log" name="test_list_permission[arg0]" time="0.241" /><testcase classname="cookbook.tests.api.test_api_view_log" name="test_list_permission[arg1]" time="0.263" /><testcase classname="cookbook.tests.api.test_api_view_log" name="test_list_permission[arg2]" time="0.261" /><testcase classname="cookbook.tests.api.test_api_view_log" name="test_list_permission[arg3]" time="0.268" /><testcase classname="cookbook.tests.api.test_api_view_log" name="test_list_space" time="0.863" /><testcase classname="cookbook.tests.api.test_api_view_log" name="test_update[arg0]" time="0.311" /><testcase classname="cookbook.tests.api.test_api_view_log" name="test_update[arg1]" time="0.329" /><testcase classname="cookbook.tests.api.test_api_view_log" name="test_update[arg2]" time="0.316" /><testcase classname="cookbook.tests.api.test_api_view_log" name="test_update[arg3]" time="0.329" /><testcase classname="cookbook.tests.api.test_api_view_log" name="test_update[arg4]" time="0.325" /><testcase classname="cookbook.tests.api.test_api_view_log" name="test_update[arg5]" time="0.324" /><testcase classname="cookbook.tests.api.test_api_view_log" name="test_update[arg6]" time="0.626" /><testcase classname="cookbook.tests.api.test_api_view_log" name="test_add[arg0]" time="0.339" /><testcase classname="cookbook.tests.api.test_api_view_log" name="test_add[arg1]" time="0.849" /><testcase classname="cookbook.tests.api.test_api_view_log" name="test_add[arg2]" time="0.830" /><testcase classname="cookbook.tests.api.test_api_view_log" name="test_add[arg3]" time="1.075" /><testcase classname="cookbook.tests.api.test_api_view_log" name="test_delete" time="0.565" /><testcase classname="cookbook.tests.edits.test_edits_recipe" name="test_switch_recipe" time="0.431" /><testcase classname="cookbook.tests.edits.test_edits_recipe" name="test_convert_recipe" time="0.270" /><testcase classname="cookbook.tests.edits.test_edits_recipe" name="test_external_recipe_update" time="0.608" /><testcase classname="cookbook.tests.edits.test_edits_storage" name="test_edit_storage" time="0.829" /><testcase classname="cookbook.tests.edits.test_edits_storage" name="test_view_permission[arg0]" time="0.253" /><testcase classname="cookbook.tests.edits.test_edits_storage" name="test_view_permission[arg1]" time="0.274" /><testcase classname="cookbook.tests.edits.test_edits_storage" name="test_view_permission[arg2]" time="0.277" /><testcase classname="cookbook.tests.edits.test_edits_storage" name="test_view_permission[arg3]" time="0.298" /><testcase classname="cookbook.tests.edits.test_edits_storage" name="test_view_permission[arg4]" time="0.276" /><testcase classname="cookbook.tests.edits.test_edits_storage" name="test_view_permission[arg5]" time="0.275" /><testcase classname="cookbook.tests.edits.test_edits_storage" name="test_view_permission[arg6]" time="0.559" /><testcase classname="cookbook.tests.other.test_automations" name="test_food_automation[arg0]" time="0.026" /><testcase classname="cookbook.tests.other.test_automations" name="test_food_automation[arg1]" time="0.022" /><testcase classname="cookbook.tests.other.test_automations" name="test_food_automation[arg2]" time="0.023" /><testcase classname="cookbook.tests.other.test_automations" name="test_food_automation[arg3]" time="0.022" /><testcase classname="cookbook.tests.other.test_automations" name="test_keyword_automation[arg0]" time="0.022" /><testcase classname="cookbook.tests.other.test_automations" name="test_keyword_automation[arg1]" time="0.022" /><testcase classname="cookbook.tests.other.test_automations" name="test_keyword_automation[arg2]" time="0.022" /><testcase classname="cookbook.tests.other.test_automations" name="test_keyword_automation[arg3]" time="0.022" /><testcase classname="cookbook.tests.other.test_automations" name="test_unit_automation[arg0]" time="0.023" /><testcase classname="cookbook.tests.other.test_automations" name="test_unit_automation[arg1]" time="0.022" /><testcase classname="cookbook.tests.other.test_automations" name="test_unit_automation[arg2]" time="0.022" /><testcase classname="cookbook.tests.other.test_automations" name="test_unit_automation[arg3]" time="0.022" /><testcase classname="cookbook.tests.other.test_automations" name="test_never_unit_automation[arg0]" time="0.025" /><testcase classname="cookbook.tests.other.test_automations" name="test_never_unit_automation[arg1]" time="0.025" /><testcase classname="cookbook.tests.other.test_automations" name="test_never_unit_automation[arg2]" time="0.026" /><testcase classname="cookbook.tests.other.test_automations" name="test_never_unit_automation[arg3]" time="0.025" /><testcase classname="cookbook.tests.other.test_automations" name="test_regex_automation[arg0-source0]" time="0.027" /><testcase classname="cookbook.tests.other.test_automations" name="test_regex_automation[arg0-source1]" time="0.027" /><testcase classname="cookbook.tests.other.test_automations" name="test_regex_automation[arg0-source2]" time="0.027" /><testcase classname="cookbook.tests.other.test_automations" name="test_regex_automation[arg1-source0]" time="0.027" /><testcase classname="cookbook.tests.other.test_automations" name="test_regex_automation[arg1-source1]" time="0.027" /><testcase classname="cookbook.tests.other.test_automations" name="test_regex_automation[arg1-source2]" time="0.026" /><testcase classname="cookbook.tests.other.test_automations" name="test_regex_automation[arg2-source0]" time="0.027" /><testcase classname="cookbook.tests.other.test_automations" name="test_regex_automation[arg2-source1]" time="0.027" /><testcase classname="cookbook.tests.other.test_automations" name="test_regex_automation[arg2-source2]" time="0.027" /><testcase classname="cookbook.tests.other.test_automations" name="test_regex_automation[arg3-source0]" time="0.027" /><testcase classname="cookbook.tests.other.test_automations" name="test_regex_automation[arg3-source1]" time="0.027" /><testcase classname="cookbook.tests.other.test_automations" name="test_regex_automation[arg3-source2]" time="0.027" /><testcase classname="cookbook.tests.other.test_automations" name="test_regex_automation[arg4-source0]" time="0.026" /><testcase classname="cookbook.tests.other.test_automations" name="test_regex_automation[arg4-source1]" time="0.027" /><testcase classname="cookbook.tests.other.test_automations" name="test_regex_automation[arg4-source2]" time="0.027" /><testcase classname="cookbook.tests.other.test_automations" name="test_transpose_automation[arg0]" time="0.024" /><testcase classname="cookbook.tests.other.test_automations" name="test_transpose_automation[arg1]" time="0.023" /><testcase classname="cookbook.tests.other.test_automations" name="test_transpose_automation[arg2]" time="0.023" /><testcase classname="cookbook.tests.other.test_automations" name="test_url_import_regex_replace" time="0.078" /><testcase classname="cookbook.tests.other.test_export" name="test_export_file_cache[arg0]" time="0.258" /><testcase classname="cookbook.tests.other.test_export" name="test_export_file_cache[arg1]" time="0.281" /><testcase classname="cookbook.tests.other.test_export" name="test_export_file_cache[arg2]" time="0.289" /><testcase classname="cookbook.tests.other.test_export" name="test_export_file_cache[arg3]" time="0.299" /><testcase classname="cookbook.tests.other.test_export" name="test_export_file_cache[arg4]" time="0.299" /><testcase classname="cookbook.tests.other.test_export" name="test_export_file_cache[arg5]" time="0.299" /><testcase classname="cookbook.tests.other.test_food_property" name="test_food_property" time="0.206" /><testcase classname="cookbook.tests.other.test_ingredient_parser" name="test_ingredient_parser" time="0.023" /><testcase classname="cookbook.tests.other.test_makenow_filter" name="test_makenow_onhand[makenow_recipe0]" time="1.086" /><testcase classname="cookbook.tests.other.test_makenow_filter" name="test_makenow_onhand[makenow_recipe1]" time="1.346" /><testcase classname="cookbook.tests.other.test_makenow_filter" name="test_makenow_ignoreshopping[makenow_recipe0]" time="1.127" /><testcase classname="cookbook.tests.other.test_makenow_filter" name="test_makenow_ignoreshopping[makenow_recipe1]" time="1.122" /><testcase classname="cookbook.tests.other.test_makenow_filter" name="test_makenow_substitute[makenow_recipe0]" time="1.133" /><testcase classname="cookbook.tests.other.test_makenow_filter" name="test_makenow_substitute[makenow_recipe1]" time="1.148" /><testcase classname="cookbook.tests.other.test_makenow_filter" name="test_makenow_child_substitute[makenow_recipe0]" time="1.148" /><testcase classname="cookbook.tests.other.test_makenow_filter" name="test_makenow_child_substitute[makenow_recipe1]" time="1.137" /><testcase classname="cookbook.tests.other.test_makenow_filter" name="test_makenow_sibling_substitute[makenow_recipe0]" time="1.168" /><testcase classname="cookbook.tests.other.test_makenow_filter" name="test_makenow_sibling_substitute[makenow_recipe1]" time="1.150" /><testcase classname="cookbook.tests.other.test_permission_helper" name="test_has_group_permission" time="0.065" /><testcase classname="cookbook.tests.other.test_permission_helper" name="test_is_owner" time="0.118" /><testcase classname="cookbook.tests.other.test_permission_helper" name="test_is_space_owner" time="0.043" /><testcase classname="cookbook.tests.other.test_permission_helper" name="test_switch_user_active_space" time="0.046" /><testcase classname="cookbook.tests.other.test_recipe_full_text_search" name="test_search_or_and_not[operator0-found_recipe0-foods]" time="1.654" /><testcase classname="cookbook.tests.other.test_recipe_full_text_search" name="test_search_or_and_not[operator0-found_recipe1-keywords]" time="1.640" /><testcase classname="cookbook.tests.other.test_recipe_full_text_search" name="test_search_or_and_not[operator0-found_recipe2-books]" time="1.818" /><testcase classname="cookbook.tests.other.test_recipe_full_text_search" name="test_search_or_and_not[operator1-found_recipe0-foods]" time="1.674" /><testcase classname="cookbook.tests.other.test_recipe_full_text_search" name="test_search_or_and_not[operator1-found_recipe1-keywords]" time="1.660" /><testcase classname="cookbook.tests.other.test_recipe_full_text_search" name="test_search_or_and_not[operator1-found_recipe2-books]" time="1.711" /><testcase classname="cookbook.tests.other.test_recipe_full_text_search" name="test_search_units[found_recipe0]" time="1.627" /><testcase classname="cookbook.tests.other.test_recipe_full_text_search" name="test_fuzzy_lookup[found_recipe0-unit-user10]" time="0.001"><skipped type="pytest.skip" message="requires PostgreSQL">/home/runner/work/recipes/recipes/cookbook/tests/other/test_recipe_full_text_search.py:268: requires PostgreSQL</skipped></testcase><testcase classname="cookbook.tests.other.test_recipe_full_text_search" name="test_fuzzy_lookup[found_recipe0-unit-user11]" time="0.000"><skipped type="pytest.skip" message="requires PostgreSQL">/home/runner/work/recipes/recipes/cookbook/tests/other/test_recipe_full_text_search.py:268: requires PostgreSQL</skipped></testcase><testcase classname="cookbook.tests.other.test_recipe_full_text_search" name="test_fuzzy_lookup[found_recipe0-unit-user12]" time="0.000"><skipped type="pytest.skip" message="requires PostgreSQL">/home/runner/work/recipes/recipes/cookbook/tests/other/test_recipe_full_text_search.py:268: requires PostgreSQL</skipped></testcase><testcase classname="cookbook.tests.other.test_recipe_full_text_search" name="test_fuzzy_lookup[found_recipe0-unit-user13]" time="0.000"><skipped type="pytest.skip" message="requires PostgreSQL">/home/runner/work/recipes/recipes/cookbook/tests/other/test_recipe_full_text_search.py:268: requires PostgreSQL</skipped></testcase><testcase classname="cookbook.tests.other.test_recipe_full_text_search" name="test_fuzzy_lookup[found_recipe0-unit-user14]" time="0.000"><skipped type="pytest.skip" message="requires PostgreSQL">/home/runner/work/recipes/recipes/cookbook/tests/other/test_recipe_full_text_search.py:268: requires PostgreSQL</skipped></testcase><testcase classname="cookbook.tests.other.test_recipe_full_text_search" name="test_fuzzy_lookup[found_recipe0-unit-user15]" time="0.000"><skipped type="pytest.skip" message="requires PostgreSQL">/home/runner/work/recipes/recipes/cookbook/tests/other/test_recipe_full_text_search.py:268: requires PostgreSQL</skipped></testcase><testcase classname="cookbook.tests.other.test_recipe_full_text_search" name="test_fuzzy_lookup[found_recipe0-unit-user16]" time="0.000"><skipped type="pytest.skip" message="requires PostgreSQL">/home/runner/work/recipes/recipes/cookbook/tests/other/test_recipe_full_text_search.py:268: requires PostgreSQL</skipped></testcase><testcase classname="cookbook.tests.other.test_recipe_full_text_search" name="test_fuzzy_lookup[found_recipe0-unit-user17]" time="0.000"><skipped type="pytest.skip" message="requires PostgreSQL">/home/runner/work/recipes/recipes/cookbook/tests/other/test_recipe_full_text_search.py:268: requires PostgreSQL</skipped></testcase><testcase classname="cookbook.tests.other.test_recipe_full_text_search" name="test_fuzzy_lookup[found_recipe1-keyword-user10]" time="0.000"><skipped type="pytest.skip" message="requires PostgreSQL">/home/runner/work/recipes/recipes/cookbook/tests/other/test_recipe_full_text_search.py:268: requires PostgreSQL</skipped></testcase><testcase classname="cookbook.tests.other.test_recipe_full_text_search" name="test_fuzzy_lookup[found_recipe1-keyword-user11]" time="0.000"><skipped type="pytest.skip" message="requires PostgreSQL">/home/runner/work/recipes/recipes/cookbook/tests/other/test_recipe_full_text_search.py:268: requires PostgreSQL</skipped></testcase><testcase classname="cookbook.tests.other.test_recipe_full_text_search" name="test_fuzzy_lookup[found_recipe1-keyword-user12]" time="0.000"><skipped type="pytest.skip" message="requires PostgreSQL">/home/runner/work/recipes/recipes/cookbook/tests/other/test_recipe_full_text_search.py:268: requires PostgreSQL</skipped></testcase><testcase classname="cookbook.tests.other.test_recipe_full_text_search" name="test_fuzzy_lookup[found_recipe1-keyword-user13]" time="0.000"><skipped type="pytest.skip" message="requires PostgreSQL">/home/runner/work/recipes/recipes/cookbook/tests/other/test_recipe_full_text_search.py:268: requires PostgreSQL</skipped></testcase><testcase classname="cookbook.tests.other.test_recipe_full_text_search" name="test_fuzzy_lookup[found_recipe1-keyword-user14]" time="0.000"><skipped type="pytest.skip" message="requires PostgreSQL">/home/runner/work/recipes/recipes/cookbook/tests/other/test_recipe_full_text_search.py:268: requires PostgreSQL</skipped></testcase><testcase classname="cookbook.tests.other.test_recipe_full_text_search" name="test_fuzzy_lookup[found_recipe1-keyword-user15]" time="0.000"><skipped type="pytest.skip" message="requires PostgreSQL">/home/runner/work/recipes/recipes/cookbook/tests/other/test_recipe_full_text_search.py:268: requires PostgreSQL</skipped></testcase><testcase classname="cookbook.tests.other.test_recipe_full_text_search" name="test_fuzzy_lookup[found_recipe1-keyword-user16]" time="0.000"><skipped type="pytest.skip" message="requires PostgreSQL">/home/runner/work/recipes/recipes/cookbook/tests/other/test_recipe_full_text_search.py:268: requires PostgreSQL</skipped></testcase><testcase classname="cookbook.tests.other.test_recipe_full_text_search" name="test_fuzzy_lookup[found_recipe1-keyword-user17]" time="0.000"><skipped type="pytest.skip" message="requires PostgreSQL">/home/runner/work/recipes/recipes/cookbook/tests/other/test_recipe_full_text_search.py:268: requires PostgreSQL</skipped></testcase><testcase classname="cookbook.tests.other.test_recipe_full_text_search" name="test_fuzzy_lookup[found_recipe2-food-user10]" time="0.000"><skipped type="pytest.skip" message="requires PostgreSQL">/home/runner/work/recipes/recipes/cookbook/tests/other/test_recipe_full_text_search.py:268: requires PostgreSQL</skipped></testcase><testcase classname="cookbook.tests.other.test_recipe_full_text_search" name="test_fuzzy_lookup[found_recipe2-food-user11]" time="0.000"><skipped type="pytest.skip" message="requires PostgreSQL">/home/runner/work/recipes/recipes/cookbook/tests/other/test_recipe_full_text_search.py:268: requires PostgreSQL</skipped></testcase><testcase classname="cookbook.tests.other.test_recipe_full_text_search" name="test_fuzzy_lookup[found_recipe2-food-user12]" time="0.000"><skipped type="pytest.skip" message="requires PostgreSQL">/home/runner/work/recipes/recipes/cookbook/tests/other/test_recipe_full_text_search.py:268: requires PostgreSQL</skipped></testcase><testcase classname="cookbook.tests.other.test_recipe_full_text_search" name="test_fuzzy_lookup[found_recipe2-food-user13]" time="0.000"><skipped type="pytest.skip" message="requires PostgreSQL">/home/runner/work/recipes/recipes/cookbook/tests/other/test_recipe_full_text_search.py:268: requires PostgreSQL</skipped></testcase><testcase classname="cookbook.tests.other.test_recipe_full_text_search" name="test_fuzzy_lookup[found_recipe2-food-user14]" time="0.000"><skipped type="pytest.skip" message="requires PostgreSQL">/home/runner/work/recipes/recipes/cookbook/tests/other/test_recipe_full_text_search.py:268: requires PostgreSQL</skipped></testcase><testcase classname="cookbook.tests.other.test_recipe_full_text_search" name="test_fuzzy_lookup[found_recipe2-food-user15]" time="0.000"><skipped type="pytest.skip" message="requires PostgreSQL">/home/runner/work/recipes/recipes/cookbook/tests/other/test_recipe_full_text_search.py:268: requires PostgreSQL</skipped></testcase><testcase classname="cookbook.tests.other.test_recipe_full_text_search" name="test_fuzzy_lookup[found_recipe2-food-user16]" time="0.000"><skipped type="pytest.skip" message="requires PostgreSQL">/home/runner/work/recipes/recipes/cookbook/tests/other/test_recipe_full_text_search.py:268: requires PostgreSQL</skipped></testcase><testcase classname="cookbook.tests.other.test_recipe_full_text_search" name="test_fuzzy_lookup[found_recipe2-food-user17]" time="0.000"><skipped type="pytest.skip" message="requires PostgreSQL">/home/runner/work/recipes/recipes/cookbook/tests/other/test_recipe_full_text_search.py:268: requires PostgreSQL</skipped></testcase><testcase classname="cookbook.tests.other.test_recipe_full_text_search" name="test_search_date[found_recipe0-viewedon-result0]" time="1.984" /><testcase classname="cookbook.tests.other.test_recipe_full_text_search" name="test_search_date[found_recipe1-cookedon-result1]" time="2.193" /><testcase classname="cookbook.tests.other.test_recipe_full_text_search" name="test_search_date[found_recipe2-createdon-result2]" time="1.874" /><testcase classname="cookbook.tests.other.test_recipe_full_text_search" name="test_search_date[found_recipe3-updatedon-result3]" time="1.834" /><testcase classname="cookbook.tests.other.test_recipe_full_text_search" name="test_search_count[found_recipe0-rating]" time="1.805" /><testcase classname="cookbook.tests.other.test_recipe_full_text_search" name="test_search_count[found_recipe1-timescooked]" time="2.109" /><testcase classname="cookbook.tests.other.test_unit_conversion" name="test_base_converter" time="0.004" /><testcase classname="cookbook.tests.other.test_unit_conversion" name="test_unit_conversions" time="0.089" /><testcase classname="cookbook.tests.other.test_url_import" name="test_import_permission[arg0]" time="0.243" /><testcase classname="cookbook.tests.other.test_url_import" name="test_import_permission[arg1]" time="0.263" /><testcase classname="cookbook.tests.other.test_url_import" name="test_import_permission[arg2]" time="0.262" /><testcase classname="cookbook.tests.other.test_url_import" name="test_import_permission[arg3]" time="0.262" /><testcase classname="cookbook.tests.other.test_url_import" name="test_recipe_import[arg0]" time="0.888" /><testcase classname="cookbook.tests.other.test_url_import" name="test_recipe_import[arg1]" time="0.871" /><testcase classname="cookbook.tests.other.test_url_import" name="test_recipe_import[arg2]" time="0.786" /><testcase classname="cookbook.tests.other.test_url_import" name="test_recipe_import[arg3]" time="0.724" /><testcase classname="cookbook.tests.other.test_url_import" name="test_recipe_import[arg4]" time="0.402" /><testcase classname="cookbook.tests.other.test_url_import" name="test_recipe_import[arg5]" time="0.800" /><testcase classname="cookbook.tests.other.test_url_import" name="test_recipe_import[arg6]" time="0.467" /><testcase classname="cookbook.tests.other.test_url_import" name="test_recipe_import[arg7]" time="0.604" /><testcase classname="cookbook.tests.other.test_url_import" name="test_recipe_import[arg8]" time="0.547" /><testcase classname="cookbook.tests.other.test_url_import" name="test_recipe_import[arg9]" time="0.604" /><testcase classname="cookbook.tests.other.test_url_import" name="test_recipe_import[arg10]" time="0.404" /><testcase classname="cookbook.tests.other.test_url_import" name="test_recipe_import[arg11]" time="0.738" /><testcase classname="cookbook.tests.other.test_url_import" name="test_recipe_import[arg12]" time="0.507" /><testcase classname="cookbook.tests.other.test_url_import" name="test_recipe_import[arg13]" time="0.737" /><testcase classname="cookbook.tests.other.test_url_import" name="test_recipe_import[arg14]" time="0.510" /><testcase classname="cookbook.tests.views.test_views_api" name="test_external_link_permission[arg0]" time="0.305" /><testcase classname="cookbook.tests.views.test_views_api" name="test_external_link_permission[arg1]" time="0.568" /><testcase classname="cookbook.tests.views.test_views_api" name="test_external_link_permission[arg2]" time="0.316" /><testcase classname="cookbook.tests.views.test_views_api" name="test_external_link_permission[arg3]" time="0.328" /><testcase classname="cookbook.tests.views.test_views_api" name="test_external_link_permission[arg4]" time="0.324" /><testcase classname="cookbook.tests.views.test_views_api" name="test_external_link_permission[arg5]" time="0.348" /><testcase classname="cookbook.tests.views.test_views_api" name="test_external_link_permission[arg6]" time="0.347" /><testcase classname="cookbook.tests.views.test_views_api" name="test_external_file_permission[arg0]" time="0.305" /><testcase classname="cookbook.tests.views.test_views_api" name="test_external_file_permission[arg1]" time="0.327" /><testcase classname="cookbook.tests.views.test_views_api" name="test_external_file_permission[arg2]" time="0.317" /><testcase classname="cookbook.tests.views.test_views_api" name="test_external_file_permission[arg3]" time="0.581" /><testcase classname="cookbook.tests.views.test_views_api" name="test_external_file_permission[arg4]" time="0.350" /><testcase classname="cookbook.tests.views.test_views_api" name="test_external_file_permission[arg5]" time="0.350" /><testcase classname="cookbook.tests.views.test_views_api" name="test_external_file_permission[arg6]" time="0.346" /><testcase classname="cookbook.tests.views.test_views_general" name="test_index" time="0.003" /><testcase classname="cookbook.tests.views.test_views_general" name="test_search" time="0.003" /><testcase classname="cookbook.tests.views.test_views_general" name="test_view" time="0.003" /><testcase classname="cookbook.tests.views.test_views_general" name="test_books[arg0]" time="0.302" /><testcase classname="cookbook.tests.views.test_views_general" name="test_books[arg1]" time="0.326" /><testcase classname="cookbook.tests.views.test_views_general" name="test_books[arg2]" time="0.336" /><testcase classname="cookbook.tests.views.test_views_general" name="test_books[arg3]" time="0.343" /><testcase classname="cookbook.tests.views.test_views_general" name="test_plan[arg0]" time="0.301" /><testcase classname="cookbook.tests.views.test_views_general" name="test_plan[arg1]" time="0.569" /><testcase classname="cookbook.tests.views.test_views_general" name="test_plan[arg2]" time="0.336" /><testcase classname="cookbook.tests.views.test_views_general" name="test_plan[arg3]" time="0.348" /><testcase classname="cookbook.tests.views.test_views_general" name="test_plan_entry" time="0.003" /><testcase classname="cookbook.tests.views.test_views_general" name="test_shopping[arg0]" time="0.302" /><testcase classname="cookbook.tests.views.test_views_general" name="test_shopping[arg1]" time="0.326" /><testcase classname="cookbook.tests.views.test_views_general" name="test_shopping[arg2]" time="0.336" /><testcase classname="cookbook.tests.views.test_views_general" name="test_shopping[arg3]" time="0.344" /><testcase classname="cookbook.tests.views.test_views_general" name="test_settings[arg0]" time="0.307" /><testcase classname="cookbook.tests.views.test_views_general" name="test_settings[arg1]" time="0.350" /><testcase classname="cookbook.tests.views.test_views_general" name="test_settings[arg2]" time="0.600" /><testcase classname="cookbook.tests.views.test_views_general" name="test_settings[arg3]" time="0.347" /><testcase classname="cookbook.tests.views.test_views_general" name="test_history[arg0]" time="0.303" /><testcase classname="cookbook.tests.views.test_views_general" name="test_history[arg1]" time="0.353" /><testcase classname="cookbook.tests.views.test_views_general" name="test_history[arg2]" time="0.342" /><testcase classname="cookbook.tests.views.test_views_general" name="test_history[arg3]" time="0.352" /><testcase classname="cookbook.tests.views.test_views_general" name="test_system[arg0]" time="0.312" /><testcase classname="cookbook.tests.views.test_views_general" name="test_system[arg1]" time="0.327" /><testcase classname="cookbook.tests.views.test_views_general" name="test_system[arg2]" time="0.312" /><testcase classname="cookbook.tests.views.test_views_general" name="test_system[arg3]" time="0.731" /><testcase classname="cookbook.tests.views.test_views_general" name="test_setup[arg0]" time="0.311" /><testcase classname="cookbook.tests.views.test_views_general" name="test_setup[arg1]" time="0.326" /><testcase classname="cookbook.tests.views.test_views_general" name="test_setup[arg2]" time="0.308" /><testcase classname="cookbook.tests.views.test_views_general" name="test_setup[arg3]" time="0.322" /><testcase classname="cookbook.tests.views.test_views_general" name="test_markdown_doc[arg0]" time="0.315" /><testcase classname="cookbook.tests.views.test_views_general" name="test_markdown_doc[arg1]" time="0.343" /><testcase classname="cookbook.tests.views.test_views_general" name="test_markdown_doc[arg2]" time="0.332" /><testcase classname="cookbook.tests.views.test_views_general" name="test_markdown_doc[arg3]" time="0.603" /><testcase classname="cookbook.tests.views.test_views_general" name="test_api_info[arg0]" time="0.305" /><testcase classname="cookbook.tests.views.test_views_general" name="test_api_info[arg1]" time="0.354" /><testcase classname="cookbook.tests.views.test_views_general" name="test_api_info[arg2]" time="0.334" /><testcase classname="cookbook.tests.views.test_views_general" name="test_api_info[arg3]" time="0.343" /><testcase classname="cookbook.tests.views.test_views_recipe_share" name="test_share" time="1.048" /></testsuite></testsuites>